[30m2022-11-09T00:14:12,875[m [1;31mERROR [m[[1;34mhttp-nio-8888-exec-2[m] [1;33mo.a.j.l.DirectJDKLog[m: Exception Processing /sso/login
java.lang.NoClassDefFoundError: java/security/acl/Group
	at org.keycloak.adapters.tomcat.KeycloakAuthenticatorValve.createPrincipalFactory(KeycloakAuthenticatorValve.java:96)
	at org.keycloak.adapters.tomcat.AbstractKeycloakAuthenticatorValve.createSessionTokenStore(AbstractKeycloakAuthenticatorValve.java:262)
	at org.keycloak.adapters.tomcat.AbstractKeycloakAuthenticatorValve.getTokenStore(AbstractKeycloakAuthenticatorValve.java:251)
	at org.keycloak.adapters.tomcat.KeycloakAuthenticatorValve.getTokenStore(KeycloakAuthenticatorValve.java:106)
	at org.keycloak.adapters.tomcat.AbstractKeycloakAuthenticatorValve.checkKeycloakSession(AbstractKeycloakAuthenticatorValve.java:228)
	at org.keycloak.adapters.tomcat.AbstractKeycloakAuthenticatorValve.invoke(AbstractKeycloakAuthenticatorValve.java:180)
	at org.apache.catalina.core.StandardHostValve.invoke(StandardHostValve.java:135)
	at org.apache.catalina.valves.ErrorReportValve.invoke(ErrorReportValve.java:92)
	at org.apache.catalina.core.StandardEngineValve.invoke(StandardEngineValve.java:78)
	at org.apache.catalina.connector.CoyoteAdapter.service(CoyoteAdapter.java:357)
	at org.apache.coyote.http11.Http11Processor.service(Http11Processor.java:382)
	at org.apache.coyote.AbstractProcessorLight.process(AbstractProcessorLight.java:65)
	at org.apache.coyote.AbstractProtocol$ConnectionHandler.process(AbstractProtocol.java:893)
	at org.apache.tomcat.util.net.NioEndpoint$SocketProcessor.doRun(NioEndpoint.java:1726)
	at org.apache.tomcat.util.net.SocketProcessorBase.run(SocketProcessorBase.java:49)
	at org.apache.tomcat.util.threads.ThreadPoolExecutor.runWorker(ThreadPoolExecutor.java:1191)
	at org.apache.tomcat.util.threads.ThreadPoolExecutor$Worker.run(ThreadPoolExecutor.java:659)
	at org.apache.tomcat.util.threads.TaskThread$WrappingRunnable.run(TaskThread.java:61)
	at java.base/java.lang.Thread.run(Thread.java:833)
Caused by: java.lang.ClassNotFoundException: java.security.acl.Group
	at java.base/jdk.internal.loader.BuiltinClassLoader.loadClass(BuiltinClassLoader.java:641)
	at java.base/jdk.internal.loader.ClassLoaders$AppClassLoader.loadClass(ClassLoaders.java:188)
	at java.base/java.lang.ClassLoader.loadClass(ClassLoader.java:521)
	... 19 more
[30m2022-11-09T00:14:12,883[m [1;31mERROR [m[[1;34mhttp-nio-8888-exec-3[m] [1;33mo.a.j.l.DirectJDKLog[m: Exception Processing /sso/login
java.lang.NoClassDefFoundError: java/security/acl/Group
	at org.keycloak.adapters.tomcat.KeycloakAuthenticatorValve.createPrincipalFactory(KeycloakAuthenticatorValve.java:96)
	at org.keycloak.adapters.tomcat.AbstractKeycloakAuthenticatorValve.createSessionTokenStore(AbstractKeycloakAuthenticatorValve.java:262)
	at org.keycloak.adapters.tomcat.AbstractKeycloakAuthenticatorValve.getTokenStore(AbstractKeycloakAuthenticatorValve.java:251)
	at org.keycloak.adapters.tomcat.KeycloakAuthenticatorValve.getTokenStore(KeycloakAuthenticatorValve.java:106)
	at org.keycloak.adapters.tomcat.AbstractKeycloakAuthenticatorValve.checkKeycloakSession(AbstractKeycloakAuthenticatorValve.java:228)
	at org.keycloak.adapters.tomcat.AbstractKeycloakAuthenticatorValve.invoke(AbstractKeycloakAuthenticatorValve.java:180)
	at org.apache.catalina.core.StandardHostValve.invoke(StandardHostValve.java:135)
	at org.apache.catalina.valves.ErrorReportValve.invoke(ErrorReportValve.java:92)
	at org.apache.catalina.core.StandardEngineValve.invoke(StandardEngineValve.java:78)
	at org.apache.catalina.connector.CoyoteAdapter.service(CoyoteAdapter.java:357)
	at org.apache.coyote.http11.Http11Processor.service(Http11Processor.java:382)
	at org.apache.coyote.AbstractProcessorLight.process(AbstractProcessorLight.java:65)
	at org.apache.coyote.AbstractProtocol$ConnectionHandler.process(AbstractProtocol.java:893)
	at org.apache.tomcat.util.net.NioEndpoint$SocketProcessor.doRun(NioEndpoint.java:1726)
	at org.apache.tomcat.util.net.SocketProcessorBase.run(SocketProcessorBase.java:49)
	at org.apache.tomcat.util.threads.ThreadPoolExecutor.runWorker(ThreadPoolExecutor.java:1191)
	at org.apache.tomcat.util.threads.ThreadPoolExecutor$Worker.run(ThreadPoolExecutor.java:659)
	at org.apache.tomcat.util.threads.TaskThread$WrappingRunnable.run(TaskThread.java:61)
	at java.base/java.lang.Thread.run(Thread.java:833)
Caused by: java.lang.ClassNotFoundException: java.security.acl.Group
	at java.base/jdk.internal.loader.BuiltinClassLoader.loadClass(BuiltinClassLoader.java:641)
	at java.base/jdk.internal.loader.ClassLoaders$AppClassLoader.loadClass(ClassLoaders.java:188)
	at java.base/java.lang.ClassLoader.loadClass(ClassLoader.java:521)
	... 19 more
[30m2022-11-09T00:14:12,892[m [1;31mERROR [m[[1;34mhttp-nio-8888-exec-4[m] [1;33mo.a.j.l.DirectJDKLog[m: Exception Processing /sso/login
java.lang.NoClassDefFoundError: java/security/acl/Group
	at org.keycloak.adapters.tomcat.KeycloakAuthenticatorValve.createPrincipalFactory(KeycloakAuthenticatorValve.java:96)
	at org.keycloak.adapters.tomcat.AbstractKeycloakAuthenticatorValve.createSessionTokenStore(AbstractKeycloakAuthenticatorValve.java:262)
	at org.keycloak.adapters.tomcat.AbstractKeycloakAuthenticatorValve.getTokenStore(AbstractKeycloakAuthenticatorValve.java:251)
	at org.keycloak.adapters.tomcat.KeycloakAuthenticatorValve.getTokenStore(KeycloakAuthenticatorValve.java:106)
	at org.keycloak.adapters.tomcat.AbstractKeycloakAuthenticatorValve.checkKeycloakSession(AbstractKeycloakAuthenticatorValve.java:228)
	at org.keycloak.adapters.tomcat.AbstractKeycloakAuthenticatorValve.invoke(AbstractKeycloakAuthenticatorValve.java:180)
	at org.apache.catalina.core.StandardHostValve.invoke(StandardHostValve.java:135)
	at org.apache.catalina.valves.ErrorReportValve.invoke(ErrorReportValve.java:92)
	at org.apache.catalina.core.StandardEngineValve.invoke(StandardEngineValve.java:78)
	at org.apache.catalina.connector.CoyoteAdapter.service(CoyoteAdapter.java:357)
	at org.apache.coyote.http11.Http11Processor.service(Http11Processor.java:382)
	at org.apache.coyote.AbstractProcessorLight.process(AbstractProcessorLight.java:65)
	at org.apache.coyote.AbstractProtocol$ConnectionHandler.process(AbstractProtocol.java:893)
	at org.apache.tomcat.util.net.NioEndpoint$SocketProcessor.doRun(NioEndpoint.java:1726)
	at org.apache.tomcat.util.net.SocketProcessorBase.run(SocketProcessorBase.java:49)
	at org.apache.tomcat.util.threads.ThreadPoolExecutor.runWorker(ThreadPoolExecutor.java:1191)
	at org.apache.tomcat.util.threads.ThreadPoolExecutor$Worker.run(ThreadPoolExecutor.java:659)
	at org.apache.tomcat.util.threads.TaskThread$WrappingRunnable.run(TaskThread.java:61)
	at java.base/java.lang.Thread.run(Thread.java:833)
Caused by: java.lang.ClassNotFoundException: java.security.acl.Group
	at java.base/jdk.internal.loader.BuiltinClassLoader.loadClass(BuiltinClassLoader.java:641)
	at java.base/jdk.internal.loader.ClassLoaders$AppClassLoader.loadClass(ClassLoaders.java:188)
	at java.base/java.lang.ClassLoader.loadClass(ClassLoader.java:521)
	... 19 more
[30m2022-11-09T00:14:12,901[m [1;31mERROR [m[[1;34mhttp-nio-8888-exec-5[m] [1;33mo.a.j.l.DirectJDKLog[m: Exception Processing /sso/login
java.lang.NoClassDefFoundError: java/security/acl/Group
	at org.keycloak.adapters.tomcat.KeycloakAuthenticatorValve.createPrincipalFactory(KeycloakAuthenticatorValve.java:96)
	at org.keycloak.adapters.tomcat.AbstractKeycloakAuthenticatorValve.createSessionTokenStore(AbstractKeycloakAuthenticatorValve.java:262)
	at org.keycloak.adapters.tomcat.AbstractKeycloakAuthenticatorValve.getTokenStore(AbstractKeycloakAuthenticatorValve.java:251)
	at org.keycloak.adapters.tomcat.KeycloakAuthenticatorValve.getTokenStore(KeycloakAuthenticatorValve.java:106)
	at org.keycloak.adapters.tomcat.AbstractKeycloakAuthenticatorValve.checkKeycloakSession(AbstractKeycloakAuthenticatorValve.java:228)
	at org.keycloak.adapters.tomcat.AbstractKeycloakAuthenticatorValve.invoke(AbstractKeycloakAuthenticatorValve.java:180)
	at org.apache.catalina.core.StandardHostValve.invoke(StandardHostValve.java:135)
	at org.apache.catalina.valves.ErrorReportValve.invoke(ErrorReportValve.java:92)
	at org.apache.catalina.core.StandardEngineValve.invoke(StandardEngineValve.java:78)
	at org.apache.catalina.connector.CoyoteAdapter.service(CoyoteAdapter.java:357)
	at org.apache.coyote.http11.Http11Processor.service(Http11Processor.java:382)
	at org.apache.coyote.AbstractProcessorLight.process(AbstractProcessorLight.java:65)
	at org.apache.coyote.AbstractProtocol$ConnectionHandler.process(AbstractProtocol.java:893)
	at org.apache.tomcat.util.net.NioEndpoint$SocketProcessor.doRun(NioEndpoint.java:1726)
	at org.apache.tomcat.util.net.SocketProcessorBase.run(SocketProcessorBase.java:49)
	at org.apache.tomcat.util.threads.ThreadPoolExecutor.runWorker(ThreadPoolExecutor.java:1191)
	at org.apache.tomcat.util.threads.ThreadPoolExecutor$Worker.run(ThreadPoolExecutor.java:659)
	at org.apache.tomcat.util.threads.TaskThread$WrappingRunnable.run(TaskThread.java:61)
	at java.base/java.lang.Thread.run(Thread.java:833)
Caused by: java.lang.ClassNotFoundException: java.security.acl.Group
	at java.base/jdk.internal.loader.BuiltinClassLoader.loadClass(BuiltinClassLoader.java:641)
	at java.base/jdk.internal.loader.ClassLoaders$AppClassLoader.loadClass(ClassLoaders.java:188)
	at java.base/java.lang.ClassLoader.loadClass(ClassLoader.java:521)
	... 19 more
[30m2022-11-09T00:14:12,906[m [1;31mERROR [m[[1;34mhttp-nio-8888-exec-7[m] [1;33mo.a.j.l.DirectJDKLog[m: Exception Processing /sso/login
java.lang.NoClassDefFoundError: java/security/acl/Group
	at org.keycloak.adapters.tomcat.KeycloakAuthenticatorValve.createPrincipalFactory(KeycloakAuthenticatorValve.java:96)
	at org.keycloak.adapters.tomcat.AbstractKeycloakAuthenticatorValve.createSessionTokenStore(AbstractKeycloakAuthenticatorValve.java:262)
	at org.keycloak.adapters.tomcat.AbstractKeycloakAuthenticatorValve.getTokenStore(AbstractKeycloakAuthenticatorValve.java:251)
	at org.keycloak.adapters.tomcat.KeycloakAuthenticatorValve.getTokenStore(KeycloakAuthenticatorValve.java:106)
	at org.keycloak.adapters.tomcat.AbstractKeycloakAuthenticatorValve.checkKeycloakSession(AbstractKeycloakAuthenticatorValve.java:228)
	at org.keycloak.adapters.tomcat.AbstractKeycloakAuthenticatorValve.invoke(AbstractKeycloakAuthenticatorValve.java:180)
	at org.apache.catalina.core.StandardHostValve.invoke(StandardHostValve.java:135)
	at org.apache.catalina.valves.ErrorReportValve.invoke(ErrorReportValve.java:92)
	at org.apache.catalina.core.StandardEngineValve.invoke(StandardEngineValve.java:78)
	at org.apache.catalina.connector.CoyoteAdapter.service(CoyoteAdapter.java:357)
	at org.apache.coyote.http11.Http11Processor.service(Http11Processor.java:382)
	at org.apache.coyote.AbstractProcessorLight.process(AbstractProcessorLight.java:65)
	at org.apache.coyote.AbstractProtocol$ConnectionHandler.process(AbstractProtocol.java:893)
	at org.apache.tomcat.util.net.NioEndpoint$SocketProcessor.doRun(NioEndpoint.java:1726)
	at org.apache.tomcat.util.net.SocketProcessorBase.run(SocketProcessorBase.java:49)
	at org.apache.tomcat.util.threads.ThreadPoolExecutor.runWorker(ThreadPoolExecutor.java:1191)
	at org.apache.tomcat.util.threads.ThreadPoolExecutor$Worker.run(ThreadPoolExecutor.java:659)
	at org.apache.tomcat.util.threads.TaskThread$WrappingRunnable.run(TaskThread.java:61)
	at java.base/java.lang.Thread.run(Thread.java:833)
Caused by: java.lang.ClassNotFoundException: java.security.acl.Group
	at java.base/jdk.internal.loader.BuiltinClassLoader.loadClass(BuiltinClassLoader.java:641)
	at java.base/jdk.internal.loader.ClassLoaders$AppClassLoader.loadClass(ClassLoaders.java:188)
	at java.base/java.lang.ClassLoader.loadClass(ClassLoader.java:521)
	... 19 more
[30m2022-11-09T00:14:12,911[m [1;31mERROR [m[[1;34mhttp-nio-8888-exec-6[m] [1;33mo.a.j.l.DirectJDKLog[m: Exception Processing /sso/login
java.lang.NoClassDefFoundError: java/security/acl/Group
	at org.keycloak.adapters.tomcat.KeycloakAuthenticatorValve.createPrincipalFactory(KeycloakAuthenticatorValve.java:96)
	at org.keycloak.adapters.tomcat.AbstractKeycloakAuthenticatorValve.createSessionTokenStore(AbstractKeycloakAuthenticatorValve.java:262)
	at org.keycloak.adapters.tomcat.AbstractKeycloakAuthenticatorValve.getTokenStore(AbstractKeycloakAuthenticatorValve.java:251)
	at org.keycloak.adapters.tomcat.KeycloakAuthenticatorValve.getTokenStore(KeycloakAuthenticatorValve.java:106)
	at org.keycloak.adapters.tomcat.AbstractKeycloakAuthenticatorValve.checkKeycloakSession(AbstractKeycloakAuthenticatorValve.java:228)
	at org.keycloak.adapters.tomcat.AbstractKeycloakAuthenticatorValve.invoke(AbstractKeycloakAuthenticatorValve.java:180)
	at org.apache.catalina.core.StandardHostValve.invoke(StandardHostValve.java:135)
	at org.apache.catalina.valves.ErrorReportValve.invoke(ErrorReportValve.java:92)
	at org.apache.catalina.core.StandardEngineValve.invoke(StandardEngineValve.java:78)
	at org.apache.catalina.connector.CoyoteAdapter.service(CoyoteAdapter.java:357)
	at org.apache.coyote.http11.Http11Processor.service(Http11Processor.java:382)
	at org.apache.coyote.AbstractProcessorLight.process(AbstractProcessorLight.java:65)
	at org.apache.coyote.AbstractProtocol$ConnectionHandler.process(AbstractProtocol.java:893)
	at org.apache.tomcat.util.net.NioEndpoint$SocketProcessor.doRun(NioEndpoint.java:1726)
	at org.apache.tomcat.util.net.SocketProcessorBase.run(SocketProcessorBase.java:49)
	at org.apache.tomcat.util.threads.ThreadPoolExecutor.runWorker(ThreadPoolExecutor.java:1191)
	at org.apache.tomcat.util.threads.ThreadPoolExecutor$Worker.run(ThreadPoolExecutor.java:659)
	at org.apache.tomcat.util.threads.TaskThread$WrappingRunnable.run(TaskThread.java:61)
	at java.base/java.lang.Thread.run(Thread.java:833)
Caused by: java.lang.ClassNotFoundException: java.security.acl.Group
	at java.base/jdk.internal.loader.BuiltinClassLoader.loadClass(BuiltinClassLoader.java:641)
	at java.base/jdk.internal.loader.ClassLoaders$AppClassLoader.loadClass(ClassLoaders.java:188)
	at java.base/java.lang.ClassLoader.loadClass(ClassLoader.java:521)
	... 19 more
[30m2022-11-09T00:14:12,916[m [1;31mERROR [m[[1;34mhttp-nio-8888-exec-9[m] [1;33mo.a.j.l.DirectJDKLog[m: Exception Processing /sso/login
java.lang.NoClassDefFoundError: java/security/acl/Group
	at org.keycloak.adapters.tomcat.KeycloakAuthenticatorValve.createPrincipalFactory(KeycloakAuthenticatorValve.java:96)
	at org.keycloak.adapters.tomcat.AbstractKeycloakAuthenticatorValve.createSessionTokenStore(AbstractKeycloakAuthenticatorValve.java:262)
	at org.keycloak.adapters.tomcat.AbstractKeycloakAuthenticatorValve.getTokenStore(AbstractKeycloakAuthenticatorValve.java:251)
	at org.keycloak.adapters.tomcat.KeycloakAuthenticatorValve.getTokenStore(KeycloakAuthenticatorValve.java:106)
	at org.keycloak.adapters.tomcat.AbstractKeycloakAuthenticatorValve.checkKeycloakSession(AbstractKeycloakAuthenticatorValve.java:228)
	at org.keycloak.adapters.tomcat.AbstractKeycloakAuthenticatorValve.invoke(AbstractKeycloakAuthenticatorValve.java:180)
	at org.apache.catalina.core.StandardHostValve.invoke(StandardHostValve.java:135)
	at org.apache.catalina.valves.ErrorReportValve.invoke(ErrorReportValve.java:92)
	at org.apache.catalina.core.StandardEngineValve.invoke(StandardEngineValve.java:78)
	at org.apache.catalina.connector.CoyoteAdapter.service(CoyoteAdapter.java:357)
	at org.apache.coyote.http11.Http11Processor.service(Http11Processor.java:382)
	at org.apache.coyote.AbstractProcessorLight.process(AbstractProcessorLight.java:65)
	at org.apache.coyote.AbstractProtocol$ConnectionHandler.process(AbstractProtocol.java:893)
	at org.apache.tomcat.util.net.NioEndpoint$SocketProcessor.doRun(NioEndpoint.java:1726)
	at org.apache.tomcat.util.net.SocketProcessorBase.run(SocketProcessorBase.java:49)
	at org.apache.tomcat.util.threads.ThreadPoolExecutor.runWorker(ThreadPoolExecutor.java:1191)
	at org.apache.tomcat.util.threads.ThreadPoolExecutor$Worker.run(ThreadPoolExecutor.java:659)
	at org.apache.tomcat.util.threads.TaskThread$WrappingRunnable.run(TaskThread.java:61)
	at java.base/java.lang.Thread.run(Thread.java:833)
Caused by: java.lang.ClassNotFoundException: java.security.acl.Group
	at java.base/jdk.internal.loader.BuiltinClassLoader.loadClass(BuiltinClassLoader.java:641)
	at java.base/jdk.internal.loader.ClassLoaders$AppClassLoader.loadClass(ClassLoaders.java:188)
	at java.base/java.lang.ClassLoader.loadClass(ClassLoader.java:521)
	... 19 more
[30m2022-11-09T00:14:12,921[m [1;31mERROR [m[[1;34mhttp-nio-8888-exec-8[m] [1;33mo.a.j.l.DirectJDKLog[m: Exception Processing /sso/login
java.lang.NoClassDefFoundError: java/security/acl/Group
	at org.keycloak.adapters.tomcat.KeycloakAuthenticatorValve.createPrincipalFactory(KeycloakAuthenticatorValve.java:96)
	at org.keycloak.adapters.tomcat.AbstractKeycloakAuthenticatorValve.createSessionTokenStore(AbstractKeycloakAuthenticatorValve.java:262)
	at org.keycloak.adapters.tomcat.AbstractKeycloakAuthenticatorValve.getTokenStore(AbstractKeycloakAuthenticatorValve.java:251)
	at org.keycloak.adapters.tomcat.KeycloakAuthenticatorValve.getTokenStore(KeycloakAuthenticatorValve.java:106)
	at org.keycloak.adapters.tomcat.AbstractKeycloakAuthenticatorValve.checkKeycloakSession(AbstractKeycloakAuthenticatorValve.java:228)
	at org.keycloak.adapters.tomcat.AbstractKeycloakAuthenticatorValve.invoke(AbstractKeycloakAuthenticatorValve.java:180)
	at org.apache.catalina.core.StandardHostValve.invoke(StandardHostValve.java:135)
	at org.apache.catalina.valves.ErrorReportValve.invoke(ErrorReportValve.java:92)
	at org.apache.catalina.core.StandardEngineValve.invoke(StandardEngineValve.java:78)
	at org.apache.catalina.connector.CoyoteAdapter.service(CoyoteAdapter.java:357)
	at org.apache.coyote.http11.Http11Processor.service(Http11Processor.java:382)
	at org.apache.coyote.AbstractProcessorLight.process(AbstractProcessorLight.java:65)
	at org.apache.coyote.AbstractProtocol$ConnectionHandler.process(AbstractProtocol.java:893)
	at org.apache.tomcat.util.net.NioEndpoint$SocketProcessor.doRun(NioEndpoint.java:1726)
	at org.apache.tomcat.util.net.SocketProcessorBase.run(SocketProcessorBase.java:49)
	at org.apache.tomcat.util.threads.ThreadPoolExecutor.runWorker(ThreadPoolExecutor.java:1191)
	at org.apache.tomcat.util.threads.ThreadPoolExecutor$Worker.run(ThreadPoolExecutor.java:659)
	at org.apache.tomcat.util.threads.TaskThread$WrappingRunnable.run(TaskThread.java:61)
	at java.base/java.lang.Thread.run(Thread.java:833)
Caused by: java.lang.ClassNotFoundException: java.security.acl.Group
	at java.base/jdk.internal.loader.BuiltinClassLoader.loadClass(BuiltinClassLoader.java:641)
	at java.base/jdk.internal.loader.ClassLoaders$AppClassLoader.loadClass(ClassLoaders.java:188)
	at java.base/java.lang.ClassLoader.loadClass(ClassLoader.java:521)
	... 19 more
[30m2022-11-09T00:14:12,926[m [1;31mERROR [m[[1;34mhttp-nio-8888-exec-10[m] [1;33mo.a.j.l.DirectJDKLog[m: Exception Processing /sso/login
java.lang.NoClassDefFoundError: java/security/acl/Group
	at org.keycloak.adapters.tomcat.KeycloakAuthenticatorValve.createPrincipalFactory(KeycloakAuthenticatorValve.java:96)
	at org.keycloak.adapters.tomcat.AbstractKeycloakAuthenticatorValve.createSessionTokenStore(AbstractKeycloakAuthenticatorValve.java:262)
	at org.keycloak.adapters.tomcat.AbstractKeycloakAuthenticatorValve.getTokenStore(AbstractKeycloakAuthenticatorValve.java:251)
	at org.keycloak.adapters.tomcat.KeycloakAuthenticatorValve.getTokenStore(KeycloakAuthenticatorValve.java:106)
	at org.keycloak.adapters.tomcat.AbstractKeycloakAuthenticatorValve.checkKeycloakSession(AbstractKeycloakAuthenticatorValve.java:228)
	at org.keycloak.adapters.tomcat.AbstractKeycloakAuthenticatorValve.invoke(AbstractKeycloakAuthenticatorValve.java:180)
	at org.apache.catalina.core.StandardHostValve.invoke(StandardHostValve.java:135)
	at org.apache.catalina.valves.ErrorReportValve.invoke(ErrorReportValve.java:92)
	at org.apache.catalina.core.StandardEngineValve.invoke(StandardEngineValve.java:78)
	at org.apache.catalina.connector.CoyoteAdapter.service(CoyoteAdapter.java:357)
	at org.apache.coyote.http11.Http11Processor.service(Http11Processor.java:382)
	at org.apache.coyote.AbstractProcessorLight.process(AbstractProcessorLight.java:65)
	at org.apache.coyote.AbstractProtocol$ConnectionHandler.process(AbstractProtocol.java:893)
	at org.apache.tomcat.util.net.NioEndpoint$SocketProcessor.doRun(NioEndpoint.java:1726)
	at org.apache.tomcat.util.net.SocketProcessorBase.run(SocketProcessorBase.java:49)
	at org.apache.tomcat.util.threads.ThreadPoolExecutor.runWorker(ThreadPoolExecutor.java:1191)
	at org.apache.tomcat.util.threads.ThreadPoolExecutor$Worker.run(ThreadPoolExecutor.java:659)
	at org.apache.tomcat.util.threads.TaskThread$WrappingRunnable.run(TaskThread.java:61)
	at java.base/java.lang.Thread.run(Thread.java:833)
Caused by: java.lang.ClassNotFoundException: java.security.acl.Group
	at java.base/jdk.internal.loader.BuiltinClassLoader.loadClass(BuiltinClassLoader.java:641)
	at java.base/jdk.internal.loader.ClassLoaders$AppClassLoader.loadClass(ClassLoaders.java:188)
	at java.base/java.lang.ClassLoader.loadClass(ClassLoader.java:521)
	... 19 more
[30m2022-11-09T00:14:12,932[m [1;31mERROR [m[[1;34mhttp-nio-8888-exec-1[m] [1;33mo.a.j.l.DirectJDKLog[m: Exception Processing /sso/login
java.lang.NoClassDefFoundError: java/security/acl/Group
	at org.keycloak.adapters.tomcat.KeycloakAuthenticatorValve.createPrincipalFactory(KeycloakAuthenticatorValve.java:96)
	at org.keycloak.adapters.tomcat.AbstractKeycloakAuthenticatorValve.createSessionTokenStore(AbstractKeycloakAuthenticatorValve.java:262)
	at org.keycloak.adapters.tomcat.AbstractKeycloakAuthenticatorValve.getTokenStore(AbstractKeycloakAuthenticatorValve.java:251)
	at org.keycloak.adapters.tomcat.KeycloakAuthenticatorValve.getTokenStore(KeycloakAuthenticatorValve.java:106)
	at org.keycloak.adapters.tomcat.AbstractKeycloakAuthenticatorValve.checkKeycloakSession(AbstractKeycloakAuthenticatorValve.java:228)
	at org.keycloak.adapters.tomcat.AbstractKeycloakAuthenticatorValve.invoke(AbstractKeycloakAuthenticatorValve.java:180)
	at org.apache.catalina.core.StandardHostValve.invoke(StandardHostValve.java:135)
	at org.apache.catalina.valves.ErrorReportValve.invoke(ErrorReportValve.java:92)
	at org.apache.catalina.core.StandardEngineValve.invoke(StandardEngineValve.java:78)
	at org.apache.catalina.connector.CoyoteAdapter.service(CoyoteAdapter.java:357)
	at org.apache.coyote.http11.Http11Processor.service(Http11Processor.java:382)
	at org.apache.coyote.AbstractProcessorLight.process(AbstractProcessorLight.java:65)
	at org.apache.coyote.AbstractProtocol$ConnectionHandler.process(AbstractProtocol.java:893)
	at org.apache.tomcat.util.net.NioEndpoint$SocketProcessor.doRun(NioEndpoint.java:1726)
	at org.apache.tomcat.util.net.SocketProcessorBase.run(SocketProcessorBase.java:49)
	at org.apache.tomcat.util.threads.ThreadPoolExecutor.runWorker(ThreadPoolExecutor.java:1191)
	at org.apache.tomcat.util.threads.ThreadPoolExecutor$Worker.run(ThreadPoolExecutor.java:659)
	at org.apache.tomcat.util.threads.TaskThread$WrappingRunnable.run(TaskThread.java:61)
	at java.base/java.lang.Thread.run(Thread.java:833)
Caused by: java.lang.ClassNotFoundException: java.security.acl.Group
	at java.base/jdk.internal.loader.BuiltinClassLoader.loadClass(BuiltinClassLoader.java:641)
	at java.base/jdk.internal.loader.ClassLoaders$AppClassLoader.loadClass(ClassLoaders.java:188)
	at java.base/java.lang.ClassLoader.loadClass(ClassLoader.java:521)
	... 19 more
[30m2022-11-09T00:14:12,937[m [1;31mERROR [m[[1;34mhttp-nio-8888-exec-2[m] [1;33mo.a.j.l.DirectJDKLog[m: Exception Processing /sso/login
java.lang.NoClassDefFoundError: java/security/acl/Group
	at org.keycloak.adapters.tomcat.KeycloakAuthenticatorValve.createPrincipalFactory(KeycloakAuthenticatorValve.java:96)
	at org.keycloak.adapters.tomcat.AbstractKeycloakAuthenticatorValve.createSessionTokenStore(AbstractKeycloakAuthenticatorValve.java:262)
	at org.keycloak.adapters.tomcat.AbstractKeycloakAuthenticatorValve.getTokenStore(AbstractKeycloakAuthenticatorValve.java:251)
	at org.keycloak.adapters.tomcat.KeycloakAuthenticatorValve.getTokenStore(KeycloakAuthenticatorValve.java:106)
	at org.keycloak.adapters.tomcat.AbstractKeycloakAuthenticatorValve.checkKeycloakSession(AbstractKeycloakAuthenticatorValve.java:228)
	at org.keycloak.adapters.tomcat.AbstractKeycloakAuthenticatorValve.invoke(AbstractKeycloakAuthenticatorValve.java:180)
	at org.apache.catalina.core.StandardHostValve.invoke(StandardHostValve.java:135)
	at org.apache.catalina.valves.ErrorReportValve.invoke(ErrorReportValve.java:92)
	at org.apache.catalina.core.StandardEngineValve.invoke(StandardEngineValve.java:78)
	at org.apache.catalina.connector.CoyoteAdapter.service(CoyoteAdapter.java:357)
	at org.apache.coyote.http11.Http11Processor.service(Http11Processor.java:382)
	at org.apache.coyote.AbstractProcessorLight.process(AbstractProcessorLight.java:65)
	at org.apache.coyote.AbstractProtocol$ConnectionHandler.process(AbstractProtocol.java:893)
	at org.apache.tomcat.util.net.NioEndpoint$SocketProcessor.doRun(NioEndpoint.java:1726)
	at org.apache.tomcat.util.net.SocketProcessorBase.run(SocketProcessorBase.java:49)
	at org.apache.tomcat.util.threads.ThreadPoolExecutor.runWorker(ThreadPoolExecutor.java:1191)
	at org.apache.tomcat.util.threads.ThreadPoolExecutor$Worker.run(ThreadPoolExecutor.java:659)
	at org.apache.tomcat.util.threads.TaskThread$WrappingRunnable.run(TaskThread.java:61)
	at java.base/java.lang.Thread.run(Thread.java:833)
Caused by: java.lang.ClassNotFoundException: java.security.acl.Group
	at java.base/jdk.internal.loader.BuiltinClassLoader.loadClass(BuiltinClassLoader.java:641)
	at java.base/jdk.internal.loader.ClassLoaders$AppClassLoader.loadClass(ClassLoaders.java:188)
	at java.base/java.lang.ClassLoader.loadClass(ClassLoader.java:521)
	... 19 more
[30m2022-11-09T00:14:12,941[m [1;31mERROR [m[[1;34mhttp-nio-8888-exec-3[m] [1;33mo.a.j.l.DirectJDKLog[m: Exception Processing /sso/login
java.lang.NoClassDefFoundError: java/security/acl/Group
	at org.keycloak.adapters.tomcat.KeycloakAuthenticatorValve.createPrincipalFactory(KeycloakAuthenticatorValve.java:96)
	at org.keycloak.adapters.tomcat.AbstractKeycloakAuthenticatorValve.createSessionTokenStore(AbstractKeycloakAuthenticatorValve.java:262)
	at org.keycloak.adapters.tomcat.AbstractKeycloakAuthenticatorValve.getTokenStore(AbstractKeycloakAuthenticatorValve.java:251)
	at org.keycloak.adapters.tomcat.KeycloakAuthenticatorValve.getTokenStore(KeycloakAuthenticatorValve.java:106)
	at org.keycloak.adapters.tomcat.AbstractKeycloakAuthenticatorValve.checkKeycloakSession(AbstractKeycloakAuthenticatorValve.java:228)
	at org.keycloak.adapters.tomcat.AbstractKeycloakAuthenticatorValve.invoke(AbstractKeycloakAuthenticatorValve.java:180)
	at org.apache.catalina.core.StandardHostValve.invoke(StandardHostValve.java:135)
	at org.apache.catalina.valves.ErrorReportValve.invoke(ErrorReportValve.java:92)
	at org.apache.catalina.core.StandardEngineValve.invoke(StandardEngineValve.java:78)
	at org.apache.catalina.connector.CoyoteAdapter.service(CoyoteAdapter.java:357)
	at org.apache.coyote.http11.Http11Processor.service(Http11Processor.java:382)
	at org.apache.coyote.AbstractProcessorLight.process(AbstractProcessorLight.java:65)
	at org.apache.coyote.AbstractProtocol$ConnectionHandler.process(AbstractProtocol.java:893)
	at org.apache.tomcat.util.net.NioEndpoint$SocketProcessor.doRun(NioEndpoint.java:1726)
	at org.apache.tomcat.util.net.SocketProcessorBase.run(SocketProcessorBase.java:49)
	at org.apache.tomcat.util.threads.ThreadPoolExecutor.runWorker(ThreadPoolExecutor.java:1191)
	at org.apache.tomcat.util.threads.ThreadPoolExecutor$Worker.run(ThreadPoolExecutor.java:659)
	at org.apache.tomcat.util.threads.TaskThread$WrappingRunnable.run(TaskThread.java:61)
	at java.base/java.lang.Thread.run(Thread.java:833)
Caused by: java.lang.ClassNotFoundException: java.security.acl.Group
	at java.base/jdk.internal.loader.BuiltinClassLoader.loadClass(BuiltinClassLoader.java:641)
	at java.base/jdk.internal.loader.ClassLoaders$AppClassLoader.loadClass(ClassLoaders.java:188)
	at java.base/java.lang.ClassLoader.loadClass(ClassLoader.java:521)
	... 19 more
[30m2022-11-09T00:14:12,946[m [1;31mERROR [m[[1;34mhttp-nio-8888-exec-4[m] [1;33mo.a.j.l.DirectJDKLog[m: Exception Processing /sso/login
java.lang.NoClassDefFoundError: java/security/acl/Group
	at org.keycloak.adapters.tomcat.KeycloakAuthenticatorValve.createPrincipalFactory(KeycloakAuthenticatorValve.java:96)
	at org.keycloak.adapters.tomcat.AbstractKeycloakAuthenticatorValve.createSessionTokenStore(AbstractKeycloakAuthenticatorValve.java:262)
	at org.keycloak.adapters.tomcat.AbstractKeycloakAuthenticatorValve.getTokenStore(AbstractKeycloakAuthenticatorValve.java:251)
	at org.keycloak.adapters.tomcat.KeycloakAuthenticatorValve.getTokenStore(KeycloakAuthenticatorValve.java:106)
	at org.keycloak.adapters.tomcat.AbstractKeycloakAuthenticatorValve.checkKeycloakSession(AbstractKeycloakAuthenticatorValve.java:228)
	at org.keycloak.adapters.tomcat.AbstractKeycloakAuthenticatorValve.invoke(AbstractKeycloakAuthenticatorValve.java:180)
	at org.apache.catalina.core.StandardHostValve.invoke(StandardHostValve.java:135)
	at org.apache.catalina.valves.ErrorReportValve.invoke(ErrorReportValve.java:92)
	at org.apache.catalina.core.StandardEngineValve.invoke(StandardEngineValve.java:78)
	at org.apache.catalina.connector.CoyoteAdapter.service(CoyoteAdapter.java:357)
	at org.apache.coyote.http11.Http11Processor.service(Http11Processor.java:382)
	at org.apache.coyote.AbstractProcessorLight.process(AbstractProcessorLight.java:65)
	at org.apache.coyote.AbstractProtocol$ConnectionHandler.process(AbstractProtocol.java:893)
	at org.apache.tomcat.util.net.NioEndpoint$SocketProcessor.doRun(NioEndpoint.java:1726)
	at org.apache.tomcat.util.net.SocketProcessorBase.run(SocketProcessorBase.java:49)
	at org.apache.tomcat.util.threads.ThreadPoolExecutor.runWorker(ThreadPoolExecutor.java:1191)
	at org.apache.tomcat.util.threads.ThreadPoolExecutor$Worker.run(ThreadPoolExecutor.java:659)
	at org.apache.tomcat.util.threads.TaskThread$WrappingRunnable.run(TaskThread.java:61)
	at java.base/java.lang.Thread.run(Thread.java:833)
Caused by: java.lang.ClassNotFoundException: java.security.acl.Group
	at java.base/jdk.internal.loader.BuiltinClassLoader.loadClass(BuiltinClassLoader.java:641)
	at java.base/jdk.internal.loader.ClassLoaders$AppClassLoader.loadClass(ClassLoaders.java:188)
	at java.base/java.lang.ClassLoader.loadClass(ClassLoader.java:521)
	... 19 more
[30m2022-11-09T00:14:12,951[m [1;31mERROR [m[[1;34mhttp-nio-8888-exec-5[m] [1;33mo.a.j.l.DirectJDKLog[m: Exception Processing /sso/login
java.lang.NoClassDefFoundError: java/security/acl/Group
	at org.keycloak.adapters.tomcat.KeycloakAuthenticatorValve.createPrincipalFactory(KeycloakAuthenticatorValve.java:96)
	at org.keycloak.adapters.tomcat.AbstractKeycloakAuthenticatorValve.createSessionTokenStore(AbstractKeycloakAuthenticatorValve.java:262)
	at org.keycloak.adapters.tomcat.AbstractKeycloakAuthenticatorValve.getTokenStore(AbstractKeycloakAuthenticatorValve.java:251)
	at org.keycloak.adapters.tomcat.KeycloakAuthenticatorValve.getTokenStore(KeycloakAuthenticatorValve.java:106)
	at org.keycloak.adapters.tomcat.AbstractKeycloakAuthenticatorValve.checkKeycloakSession(AbstractKeycloakAuthenticatorValve.java:228)
	at org.keycloak.adapters.tomcat.AbstractKeycloakAuthenticatorValve.invoke(AbstractKeycloakAuthenticatorValve.java:180)
	at org.apache.catalina.core.StandardHostValve.invoke(StandardHostValve.java:135)
	at org.apache.catalina.valves.ErrorReportValve.invoke(ErrorReportValve.java:92)
	at org.apache.catalina.core.StandardEngineValve.invoke(StandardEngineValve.java:78)
	at org.apache.catalina.connector.CoyoteAdapter.service(CoyoteAdapter.java:357)
	at org.apache.coyote.http11.Http11Processor.service(Http11Processor.java:382)
	at org.apache.coyote.AbstractProcessorLight.process(AbstractProcessorLight.java:65)
	at org.apache.coyote.AbstractProtocol$ConnectionHandler.process(AbstractProtocol.java:893)
	at org.apache.tomcat.util.net.NioEndpoint$SocketProcessor.doRun(NioEndpoint.java:1726)
	at org.apache.tomcat.util.net.SocketProcessorBase.run(SocketProcessorBase.java:49)
	at org.apache.tomcat.util.threads.ThreadPoolExecutor.runWorker(ThreadPoolExecutor.java:1191)
	at org.apache.tomcat.util.threads.ThreadPoolExecutor$Worker.run(ThreadPoolExecutor.java:659)
	at org.apache.tomcat.util.threads.TaskThread$WrappingRunnable.run(TaskThread.java:61)
	at java.base/java.lang.Thread.run(Thread.java:833)
Caused by: java.lang.ClassNotFoundException: java.security.acl.Group
	at java.base/jdk.internal.loader.BuiltinClassLoader.loadClass(BuiltinClassLoader.java:641)
	at java.base/jdk.internal.loader.ClassLoaders$AppClassLoader.loadClass(ClassLoaders.java:188)
	at java.base/java.lang.ClassLoader.loadClass(ClassLoader.java:521)
	... 19 more
[30m2022-11-09T00:14:12,955[m [1;31mERROR [m[[1;34mhttp-nio-8888-exec-7[m] [1;33mo.a.j.l.DirectJDKLog[m: Exception Processing /sso/login
java.lang.NoClassDefFoundError: java/security/acl/Group
	at org.keycloak.adapters.tomcat.KeycloakAuthenticatorValve.createPrincipalFactory(KeycloakAuthenticatorValve.java:96)
	at org.keycloak.adapters.tomcat.AbstractKeycloakAuthenticatorValve.createSessionTokenStore(AbstractKeycloakAuthenticatorValve.java:262)
	at org.keycloak.adapters.tomcat.AbstractKeycloakAuthenticatorValve.getTokenStore(AbstractKeycloakAuthenticatorValve.java:251)
	at org.keycloak.adapters.tomcat.KeycloakAuthenticatorValve.getTokenStore(KeycloakAuthenticatorValve.java:106)
	at org.keycloak.adapters.tomcat.AbstractKeycloakAuthenticatorValve.checkKeycloakSession(AbstractKeycloakAuthenticatorValve.java:228)
	at org.keycloak.adapters.tomcat.AbstractKeycloakAuthenticatorValve.invoke(AbstractKeycloakAuthenticatorValve.java:180)
	at org.apache.catalina.core.StandardHostValve.invoke(StandardHostValve.java:135)
	at org.apache.catalina.valves.ErrorReportValve.invoke(ErrorReportValve.java:92)
	at org.apache.catalina.core.StandardEngineValve.invoke(StandardEngineValve.java:78)
	at org.apache.catalina.connector.CoyoteAdapter.service(CoyoteAdapter.java:357)
	at org.apache.coyote.http11.Http11Processor.service(Http11Processor.java:382)
	at org.apache.coyote.AbstractProcessorLight.process(AbstractProcessorLight.java:65)
	at org.apache.coyote.AbstractProtocol$ConnectionHandler.process(AbstractProtocol.java:893)
	at org.apache.tomcat.util.net.NioEndpoint$SocketProcessor.doRun(NioEndpoint.java:1726)
	at org.apache.tomcat.util.net.SocketProcessorBase.run(SocketProcessorBase.java:49)
	at org.apache.tomcat.util.threads.ThreadPoolExecutor.runWorker(ThreadPoolExecutor.java:1191)
	at org.apache.tomcat.util.threads.ThreadPoolExecutor$Worker.run(ThreadPoolExecutor.java:659)
	at org.apache.tomcat.util.threads.TaskThread$WrappingRunnable.run(TaskThread.java:61)
	at java.base/java.lang.Thread.run(Thread.java:833)
Caused by: java.lang.ClassNotFoundException: java.security.acl.Group
	at java.base/jdk.internal.loader.BuiltinClassLoader.loadClass(BuiltinClassLoader.java:641)
	at java.base/jdk.internal.loader.ClassLoaders$AppClassLoader.loadClass(ClassLoaders.java:188)
	at java.base/java.lang.ClassLoader.loadClass(ClassLoader.java:521)
	... 19 more
[30m2022-11-09T00:14:12,960[m [1;31mERROR [m[[1;34mhttp-nio-8888-exec-6[m] [1;33mo.a.j.l.DirectJDKLog[m: Exception Processing /sso/login
java.lang.NoClassDefFoundError: java/security/acl/Group
	at org.keycloak.adapters.tomcat.KeycloakAuthenticatorValve.createPrincipalFactory(KeycloakAuthenticatorValve.java:96)
	at org.keycloak.adapters.tomcat.AbstractKeycloakAuthenticatorValve.createSessionTokenStore(AbstractKeycloakAuthenticatorValve.java:262)
	at org.keycloak.adapters.tomcat.AbstractKeycloakAuthenticatorValve.getTokenStore(AbstractKeycloakAuthenticatorValve.java:251)
	at org.keycloak.adapters.tomcat.KeycloakAuthenticatorValve.getTokenStore(KeycloakAuthenticatorValve.java:106)
	at org.keycloak.adapters.tomcat.AbstractKeycloakAuthenticatorValve.checkKeycloakSession(AbstractKeycloakAuthenticatorValve.java:228)
	at org.keycloak.adapters.tomcat.AbstractKeycloakAuthenticatorValve.invoke(AbstractKeycloakAuthenticatorValve.java:180)
	at org.apache.catalina.core.StandardHostValve.invoke(StandardHostValve.java:135)
	at org.apache.catalina.valves.ErrorReportValve.invoke(ErrorReportValve.java:92)
	at org.apache.catalina.core.StandardEngineValve.invoke(StandardEngineValve.java:78)
	at org.apache.catalina.connector.CoyoteAdapter.service(CoyoteAdapter.java:357)
	at org.apache.coyote.http11.Http11Processor.service(Http11Processor.java:382)
	at org.apache.coyote.AbstractProcessorLight.process(AbstractProcessorLight.java:65)
	at org.apache.coyote.AbstractProtocol$ConnectionHandler.process(AbstractProtocol.java:893)
	at org.apache.tomcat.util.net.NioEndpoint$SocketProcessor.doRun(NioEndpoint.java:1726)
	at org.apache.tomcat.util.net.SocketProcessorBase.run(SocketProcessorBase.java:49)
	at org.apache.tomcat.util.threads.ThreadPoolExecutor.runWorker(ThreadPoolExecutor.java:1191)
	at org.apache.tomcat.util.threads.ThreadPoolExecutor$Worker.run(ThreadPoolExecutor.java:659)
	at org.apache.tomcat.util.threads.TaskThread$WrappingRunnable.run(TaskThread.java:61)
	at java.base/java.lang.Thread.run(Thread.java:833)
Caused by: java.lang.ClassNotFoundException: java.security.acl.Group
	at java.base/jdk.internal.loader.BuiltinClassLoader.loadClass(BuiltinClassLoader.java:641)
	at java.base/jdk.internal.loader.ClassLoaders$AppClassLoader.loadClass(ClassLoaders.java:188)
	at java.base/java.lang.ClassLoader.loadClass(ClassLoader.java:521)
	... 19 more
[30m2022-11-09T00:14:12,965[m [1;31mERROR [m[[1;34mhttp-nio-8888-exec-9[m] [1;33mo.a.j.l.DirectJDKLog[m: Exception Processing /sso/login
java.lang.NoClassDefFoundError: java/security/acl/Group
	at org.keycloak.adapters.tomcat.KeycloakAuthenticatorValve.createPrincipalFactory(KeycloakAuthenticatorValve.java:96)
	at org.keycloak.adapters.tomcat.AbstractKeycloakAuthenticatorValve.createSessionTokenStore(AbstractKeycloakAuthenticatorValve.java:262)
	at org.keycloak.adapters.tomcat.AbstractKeycloakAuthenticatorValve.getTokenStore(AbstractKeycloakAuthenticatorValve.java:251)
	at org.keycloak.adapters.tomcat.KeycloakAuthenticatorValve.getTokenStore(KeycloakAuthenticatorValve.java:106)
	at org.keycloak.adapters.tomcat.AbstractKeycloakAuthenticatorValve.checkKeycloakSession(AbstractKeycloakAuthenticatorValve.java:228)
	at org.keycloak.adapters.tomcat.AbstractKeycloakAuthenticatorValve.invoke(AbstractKeycloakAuthenticatorValve.java:180)
	at org.apache.catalina.core.StandardHostValve.invoke(StandardHostValve.java:135)
	at org.apache.catalina.valves.ErrorReportValve.invoke(ErrorReportValve.java:92)
	at org.apache.catalina.core.StandardEngineValve.invoke(StandardEngineValve.java:78)
	at org.apache.catalina.connector.CoyoteAdapter.service(CoyoteAdapter.java:357)
	at org.apache.coyote.http11.Http11Processor.service(Http11Processor.java:382)
	at org.apache.coyote.AbstractProcessorLight.process(AbstractProcessorLight.java:65)
	at org.apache.coyote.AbstractProtocol$ConnectionHandler.process(AbstractProtocol.java:893)
	at org.apache.tomcat.util.net.NioEndpoint$SocketProcessor.doRun(NioEndpoint.java:1726)
	at org.apache.tomcat.util.net.SocketProcessorBase.run(SocketProcessorBase.java:49)
	at org.apache.tomcat.util.threads.ThreadPoolExecutor.runWorker(ThreadPoolExecutor.java:1191)
	at org.apache.tomcat.util.threads.ThreadPoolExecutor$Worker.run(ThreadPoolExecutor.java:659)
	at org.apache.tomcat.util.threads.TaskThread$WrappingRunnable.run(TaskThread.java:61)
	at java.base/java.lang.Thread.run(Thread.java:833)
Caused by: java.lang.ClassNotFoundException: java.security.acl.Group
	at java.base/jdk.internal.loader.BuiltinClassLoader.loadClass(BuiltinClassLoader.java:641)
	at java.base/jdk.internal.loader.ClassLoaders$AppClassLoader.loadClass(ClassLoaders.java:188)
	at java.base/java.lang.ClassLoader.loadClass(ClassLoader.java:521)
	... 19 more
[30m2022-11-09T00:14:12,970[m [1;31mERROR [m[[1;34mhttp-nio-8888-exec-8[m] [1;33mo.a.j.l.DirectJDKLog[m: Exception Processing /sso/login
java.lang.NoClassDefFoundError: java/security/acl/Group
	at org.keycloak.adapters.tomcat.KeycloakAuthenticatorValve.createPrincipalFactory(KeycloakAuthenticatorValve.java:96)
	at org.keycloak.adapters.tomcat.AbstractKeycloakAuthenticatorValve.createSessionTokenStore(AbstractKeycloakAuthenticatorValve.java:262)
	at org.keycloak.adapters.tomcat.AbstractKeycloakAuthenticatorValve.getTokenStore(AbstractKeycloakAuthenticatorValve.java:251)
	at org.keycloak.adapters.tomcat.KeycloakAuthenticatorValve.getTokenStore(KeycloakAuthenticatorValve.java:106)
	at org.keycloak.adapters.tomcat.AbstractKeycloakAuthenticatorValve.checkKeycloakSession(AbstractKeycloakAuthenticatorValve.java:228)
	at org.keycloak.adapters.tomcat.AbstractKeycloakAuthenticatorValve.invoke(AbstractKeycloakAuthenticatorValve.java:180)
	at org.apache.catalina.core.StandardHostValve.invoke(StandardHostValve.java:135)
	at org.apache.catalina.valves.ErrorReportValve.invoke(ErrorReportValve.java:92)
	at org.apache.catalina.core.StandardEngineValve.invoke(StandardEngineValve.java:78)
	at org.apache.catalina.connector.CoyoteAdapter.service(CoyoteAdapter.java:357)
	at org.apache.coyote.http11.Http11Processor.service(Http11Processor.java:382)
	at org.apache.coyote.AbstractProcessorLight.process(AbstractProcessorLight.java:65)
	at org.apache.coyote.AbstractProtocol$ConnectionHandler.process(AbstractProtocol.java:893)
	at org.apache.tomcat.util.net.NioEndpoint$SocketProcessor.doRun(NioEndpoint.java:1726)
	at org.apache.tomcat.util.net.SocketProcessorBase.run(SocketProcessorBase.java:49)
	at org.apache.tomcat.util.threads.ThreadPoolExecutor.runWorker(ThreadPoolExecutor.java:1191)
	at org.apache.tomcat.util.threads.ThreadPoolExecutor$Worker.run(ThreadPoolExecutor.java:659)
	at org.apache.tomcat.util.threads.TaskThread$WrappingRunnable.run(TaskThread.java:61)
	at java.base/java.lang.Thread.run(Thread.java:833)
Caused by: java.lang.ClassNotFoundException: java.security.acl.Group
	at java.base/jdk.internal.loader.BuiltinClassLoader.loadClass(BuiltinClassLoader.java:641)
	at java.base/jdk.internal.loader.ClassLoaders$AppClassLoader.loadClass(ClassLoaders.java:188)
	at java.base/java.lang.ClassLoader.loadClass(ClassLoader.java:521)
	... 19 more
[30m2022-11-09T00:14:12,975[m [1;31mERROR [m[[1;34mhttp-nio-8888-exec-10[m] [1;33mo.a.j.l.DirectJDKLog[m: Exception Processing /sso/login
java.lang.NoClassDefFoundError: java/security/acl/Group
	at org.keycloak.adapters.tomcat.KeycloakAuthenticatorValve.createPrincipalFactory(KeycloakAuthenticatorValve.java:96)
	at org.keycloak.adapters.tomcat.AbstractKeycloakAuthenticatorValve.createSessionTokenStore(AbstractKeycloakAuthenticatorValve.java:262)
	at org.keycloak.adapters.tomcat.AbstractKeycloakAuthenticatorValve.getTokenStore(AbstractKeycloakAuthenticatorValve.java:251)
	at org.keycloak.adapters.tomcat.KeycloakAuthenticatorValve.getTokenStore(KeycloakAuthenticatorValve.java:106)
	at org.keycloak.adapters.tomcat.AbstractKeycloakAuthenticatorValve.checkKeycloakSession(AbstractKeycloakAuthenticatorValve.java:228)
	at org.keycloak.adapters.tomcat.AbstractKeycloakAuthenticatorValve.invoke(AbstractKeycloakAuthenticatorValve.java:180)
	at org.apache.catalina.core.StandardHostValve.invoke(StandardHostValve.java:135)
	at org.apache.catalina.valves.ErrorReportValve.invoke(ErrorReportValve.java:92)
	at org.apache.catalina.core.StandardEngineValve.invoke(StandardEngineValve.java:78)
	at org.apache.catalina.connector.CoyoteAdapter.service(CoyoteAdapter.java:357)
	at org.apache.coyote.http11.Http11Processor.service(Http11Processor.java:382)
	at org.apache.coyote.AbstractProcessorLight.process(AbstractProcessorLight.java:65)
	at org.apache.coyote.AbstractProtocol$ConnectionHandler.process(AbstractProtocol.java:893)
	at org.apache.tomcat.util.net.NioEndpoint$SocketProcessor.doRun(NioEndpoint.java:1726)
	at org.apache.tomcat.util.net.SocketProcessorBase.run(SocketProcessorBase.java:49)
	at org.apache.tomcat.util.threads.ThreadPoolExecutor.runWorker(ThreadPoolExecutor.java:1191)
	at org.apache.tomcat.util.threads.ThreadPoolExecutor$Worker.run(ThreadPoolExecutor.java:659)
	at org.apache.tomcat.util.threads.TaskThread$WrappingRunnable.run(TaskThread.java:61)
	at java.base/java.lang.Thread.run(Thread.java:833)
Caused by: java.lang.ClassNotFoundException: java.security.acl.Group
	at java.base/jdk.internal.loader.BuiltinClassLoader.loadClass(BuiltinClassLoader.java:641)
	at java.base/jdk.internal.loader.ClassLoaders$AppClassLoader.loadClass(ClassLoaders.java:188)
	at java.base/java.lang.ClassLoader.loadClass(ClassLoader.java:521)
	... 19 more
[30m2022-11-09T00:14:12,980[m [1;31mERROR [m[[1;34mhttp-nio-8888-exec-1[m] [1;33mo.a.j.l.DirectJDKLog[m: Exception Processing /sso/login
java.lang.NoClassDefFoundError: java/security/acl/Group
	at org.keycloak.adapters.tomcat.KeycloakAuthenticatorValve.createPrincipalFactory(KeycloakAuthenticatorValve.java:96)
	at org.keycloak.adapters.tomcat.AbstractKeycloakAuthenticatorValve.createSessionTokenStore(AbstractKeycloakAuthenticatorValve.java:262)
	at org.keycloak.adapters.tomcat.AbstractKeycloakAuthenticatorValve.getTokenStore(AbstractKeycloakAuthenticatorValve.java:251)
	at org.keycloak.adapters.tomcat.KeycloakAuthenticatorValve.getTokenStore(KeycloakAuthenticatorValve.java:106)
	at org.keycloak.adapters.tomcat.AbstractKeycloakAuthenticatorValve.checkKeycloakSession(AbstractKeycloakAuthenticatorValve.java:228)
	at org.keycloak.adapters.tomcat.AbstractKeycloakAuthenticatorValve.invoke(AbstractKeycloakAuthenticatorValve.java:180)
	at org.apache.catalina.core.StandardHostValve.invoke(StandardHostValve.java:135)
	at org.apache.catalina.valves.ErrorReportValve.invoke(ErrorReportValve.java:92)
	at org.apache.catalina.core.StandardEngineValve.invoke(StandardEngineValve.java:78)
	at org.apache.catalina.connector.CoyoteAdapter.service(CoyoteAdapter.java:357)
	at org.apache.coyote.http11.Http11Processor.service(Http11Processor.java:382)
	at org.apache.coyote.AbstractProcessorLight.process(AbstractProcessorLight.java:65)
	at org.apache.coyote.AbstractProtocol$ConnectionHandler.process(AbstractProtocol.java:893)
	at org.apache.tomcat.util.net.NioEndpoint$SocketProcessor.doRun(NioEndpoint.java:1726)
	at org.apache.tomcat.util.net.SocketProcessorBase.run(SocketProcessorBase.java:49)
	at org.apache.tomcat.util.threads.ThreadPoolExecutor.runWorker(ThreadPoolExecutor.java:1191)
	at org.apache.tomcat.util.threads.ThreadPoolExecutor$Worker.run(ThreadPoolExecutor.java:659)
	at org.apache.tomcat.util.threads.TaskThread$WrappingRunnable.run(TaskThread.java:61)
	at java.base/java.lang.Thread.run(Thread.java:833)
Caused by: java.lang.ClassNotFoundException: java.security.acl.Group
	at java.base/jdk.internal.loader.BuiltinClassLoader.loadClass(BuiltinClassLoader.java:641)
	at java.base/jdk.internal.loader.ClassLoaders$AppClassLoader.loadClass(ClassLoaders.java:188)
	at java.base/java.lang.ClassLoader.loadClass(ClassLoader.java:521)
	... 19 more
[30m2022-11-09T00:44:13,004[m [1;31mERROR [m[[1;34mhttp-nio-8888-exec-4[m] [1;33mo.a.j.l.DirectJDKLog[m: Exception Processing /sso/login
java.lang.NoClassDefFoundError: java/security/acl/Group
	at org.keycloak.adapters.tomcat.KeycloakAuthenticatorValve.createPrincipalFactory(KeycloakAuthenticatorValve.java:96)
	at org.keycloak.adapters.tomcat.AbstractKeycloakAuthenticatorValve.createSessionTokenStore(AbstractKeycloakAuthenticatorValve.java:262)
	at org.keycloak.adapters.tomcat.AbstractKeycloakAuthenticatorValve.getTokenStore(AbstractKeycloakAuthenticatorValve.java:251)
	at org.keycloak.adapters.tomcat.KeycloakAuthenticatorValve.getTokenStore(KeycloakAuthenticatorValve.java:106)
	at org.keycloak.adapters.tomcat.AbstractKeycloakAuthenticatorValve.checkKeycloakSession(AbstractKeycloakAuthenticatorValve.java:228)
	at org.keycloak.adapters.tomcat.AbstractKeycloakAuthenticatorValve.invoke(AbstractKeycloakAuthenticatorValve.java:180)
	at org.apache.catalina.core.StandardHostValve.invoke(StandardHostValve.java:135)
	at org.apache.catalina.valves.ErrorReportValve.invoke(ErrorReportValve.java:92)
	at org.apache.catalina.core.StandardEngineValve.invoke(StandardEngineValve.java:78)
	at org.apache.catalina.connector.CoyoteAdapter.service(CoyoteAdapter.java:357)
	at org.apache.coyote.http11.Http11Processor.service(Http11Processor.java:382)
	at org.apache.coyote.AbstractProcessorLight.process(AbstractProcessorLight.java:65)
	at org.apache.coyote.AbstractProtocol$ConnectionHandler.process(AbstractProtocol.java:893)
	at org.apache.tomcat.util.net.NioEndpoint$SocketProcessor.doRun(NioEndpoint.java:1726)
	at org.apache.tomcat.util.net.SocketProcessorBase.run(SocketProcessorBase.java:49)
	at org.apache.tomcat.util.threads.ThreadPoolExecutor.runWorker(ThreadPoolExecutor.java:1191)
	at org.apache.tomcat.util.threads.ThreadPoolExecutor$Worker.run(ThreadPoolExecutor.java:659)
	at org.apache.tomcat.util.threads.TaskThread$WrappingRunnable.run(TaskThread.java:61)
	at java.base/java.lang.Thread.run(Thread.java:833)
Caused by: java.lang.ClassNotFoundException: java.security.acl.Group
	at java.base/jdk.internal.loader.BuiltinClassLoader.loadClass(BuiltinClassLoader.java:641)
	at java.base/jdk.internal.loader.ClassLoaders$AppClassLoader.loadClass(ClassLoaders.java:188)
	at java.base/java.lang.ClassLoader.loadClass(ClassLoader.java:521)
	... 19 more
[30m2022-11-09T00:44:13,033[m [1;31mERROR [m[[1;34mhttp-nio-8888-exec-5[m] [1;33mo.a.j.l.DirectJDKLog[m: Exception Processing /sso/login
java.lang.NoClassDefFoundError: java/security/acl/Group
	at org.keycloak.adapters.tomcat.KeycloakAuthenticatorValve.createPrincipalFactory(KeycloakAuthenticatorValve.java:96)
	at org.keycloak.adapters.tomcat.AbstractKeycloakAuthenticatorValve.createSessionTokenStore(AbstractKeycloakAuthenticatorValve.java:262)
	at org.keycloak.adapters.tomcat.AbstractKeycloakAuthenticatorValve.getTokenStore(AbstractKeycloakAuthenticatorValve.java:251)
	at org.keycloak.adapters.tomcat.KeycloakAuthenticatorValve.getTokenStore(KeycloakAuthenticatorValve.java:106)
	at org.keycloak.adapters.tomcat.AbstractKeycloakAuthenticatorValve.checkKeycloakSession(AbstractKeycloakAuthenticatorValve.java:228)
	at org.keycloak.adapters.tomcat.AbstractKeycloakAuthenticatorValve.invoke(AbstractKeycloakAuthenticatorValve.java:180)
	at org.apache.catalina.core.StandardHostValve.invoke(StandardHostValve.java:135)
	at org.apache.catalina.valves.ErrorReportValve.invoke(ErrorReportValve.java:92)
	at org.apache.catalina.core.StandardEngineValve.invoke(StandardEngineValve.java:78)
	at org.apache.catalina.connector.CoyoteAdapter.service(CoyoteAdapter.java:357)
	at org.apache.coyote.http11.Http11Processor.service(Http11Processor.java:382)
	at org.apache.coyote.AbstractProcessorLight.process(AbstractProcessorLight.java:65)
	at org.apache.coyote.AbstractProtocol$ConnectionHandler.process(AbstractProtocol.java:893)
	at org.apache.tomcat.util.net.NioEndpoint$SocketProcessor.doRun(NioEndpoint.java:1726)
	at org.apache.tomcat.util.net.SocketProcessorBase.run(SocketProcessorBase.java:49)
	at org.apache.tomcat.util.threads.ThreadPoolExecutor.runWorker(ThreadPoolExecutor.java:1191)
	at org.apache.tomcat.util.threads.ThreadPoolExecutor$Worker.run(ThreadPoolExecutor.java:659)
	at org.apache.tomcat.util.threads.TaskThread$WrappingRunnable.run(TaskThread.java:61)
	at java.base/java.lang.Thread.run(Thread.java:833)
Caused by: java.lang.ClassNotFoundException: java.security.acl.Group
	at java.base/jdk.internal.loader.BuiltinClassLoader.loadClass(BuiltinClassLoader.java:641)
	at java.base/jdk.internal.loader.ClassLoaders$AppClassLoader.loadClass(ClassLoaders.java:188)
	at java.base/java.lang.ClassLoader.loadClass(ClassLoader.java:521)
	... 19 more
[30m2022-11-09T00:44:13,043[m [1;31mERROR [m[[1;34mhttp-nio-8888-exec-7[m] [1;33mo.a.j.l.DirectJDKLog[m: Exception Processing /sso/login
java.lang.NoClassDefFoundError: java/security/acl/Group
	at org.keycloak.adapters.tomcat.KeycloakAuthenticatorValve.createPrincipalFactory(KeycloakAuthenticatorValve.java:96)
	at org.keycloak.adapters.tomcat.AbstractKeycloakAuthenticatorValve.createSessionTokenStore(AbstractKeycloakAuthenticatorValve.java:262)
	at org.keycloak.adapters.tomcat.AbstractKeycloakAuthenticatorValve.getTokenStore(AbstractKeycloakAuthenticatorValve.java:251)
	at org.keycloak.adapters.tomcat.KeycloakAuthenticatorValve.getTokenStore(KeycloakAuthenticatorValve.java:106)
	at org.keycloak.adapters.tomcat.AbstractKeycloakAuthenticatorValve.checkKeycloakSession(AbstractKeycloakAuthenticatorValve.java:228)
	at org.keycloak.adapters.tomcat.AbstractKeycloakAuthenticatorValve.invoke(AbstractKeycloakAuthenticatorValve.java:180)
	at org.apache.catalina.core.StandardHostValve.invoke(StandardHostValve.java:135)
	at org.apache.catalina.valves.ErrorReportValve.invoke(ErrorReportValve.java:92)
	at org.apache.catalina.core.StandardEngineValve.invoke(StandardEngineValve.java:78)
	at org.apache.catalina.connector.CoyoteAdapter.service(CoyoteAdapter.java:357)
	at org.apache.coyote.http11.Http11Processor.service(Http11Processor.java:382)
	at org.apache.coyote.AbstractProcessorLight.process(AbstractProcessorLight.java:65)
	at org.apache.coyote.AbstractProtocol$ConnectionHandler.process(AbstractProtocol.java:893)
	at org.apache.tomcat.util.net.NioEndpoint$SocketProcessor.doRun(NioEndpoint.java:1726)
	at org.apache.tomcat.util.net.SocketProcessorBase.run(SocketProcessorBase.java:49)
	at org.apache.tomcat.util.threads.ThreadPoolExecutor.runWorker(ThreadPoolExecutor.java:1191)
	at org.apache.tomcat.util.threads.ThreadPoolExecutor$Worker.run(ThreadPoolExecutor.java:659)
	at org.apache.tomcat.util.threads.TaskThread$WrappingRunnable.run(TaskThread.java:61)
	at java.base/java.lang.Thread.run(Thread.java:833)
Caused by: java.lang.ClassNotFoundException: java.security.acl.Group
	at java.base/jdk.internal.loader.BuiltinClassLoader.loadClass(BuiltinClassLoader.java:641)
	at java.base/jdk.internal.loader.ClassLoaders$AppClassLoader.loadClass(ClassLoaders.java:188)
	at java.base/java.lang.ClassLoader.loadClass(ClassLoader.java:521)
	... 19 more
[30m2022-11-09T00:44:13,047[m [1;31mERROR [m[[1;34mhttp-nio-8888-exec-6[m] [1;33mo.a.j.l.DirectJDKLog[m: Exception Processing /sso/login
java.lang.NoClassDefFoundError: java/security/acl/Group
	at org.keycloak.adapters.tomcat.KeycloakAuthenticatorValve.createPrincipalFactory(KeycloakAuthenticatorValve.java:96)
	at org.keycloak.adapters.tomcat.AbstractKeycloakAuthenticatorValve.createSessionTokenStore(AbstractKeycloakAuthenticatorValve.java:262)
	at org.keycloak.adapters.tomcat.AbstractKeycloakAuthenticatorValve.getTokenStore(AbstractKeycloakAuthenticatorValve.java:251)
	at org.keycloak.adapters.tomcat.KeycloakAuthenticatorValve.getTokenStore(KeycloakAuthenticatorValve.java:106)
	at org.keycloak.adapters.tomcat.AbstractKeycloakAuthenticatorValve.checkKeycloakSession(AbstractKeycloakAuthenticatorValve.java:228)
	at org.keycloak.adapters.tomcat.AbstractKeycloakAuthenticatorValve.invoke(AbstractKeycloakAuthenticatorValve.java:180)
	at org.apache.catalina.core.StandardHostValve.invoke(StandardHostValve.java:135)
	at org.apache.catalina.valves.ErrorReportValve.invoke(ErrorReportValve.java:92)
	at org.apache.catalina.core.StandardEngineValve.invoke(StandardEngineValve.java:78)
	at org.apache.catalina.connector.CoyoteAdapter.service(CoyoteAdapter.java:357)
	at org.apache.coyote.http11.Http11Processor.service(Http11Processor.java:382)
	at org.apache.coyote.AbstractProcessorLight.process(AbstractProcessorLight.java:65)
	at org.apache.coyote.AbstractProtocol$ConnectionHandler.process(AbstractProtocol.java:893)
	at org.apache.tomcat.util.net.NioEndpoint$SocketProcessor.doRun(NioEndpoint.java:1726)
	at org.apache.tomcat.util.net.SocketProcessorBase.run(SocketProcessorBase.java:49)
	at org.apache.tomcat.util.threads.ThreadPoolExecutor.runWorker(ThreadPoolExecutor.java:1191)
	at org.apache.tomcat.util.threads.ThreadPoolExecutor$Worker.run(ThreadPoolExecutor.java:659)
	at org.apache.tomcat.util.threads.TaskThread$WrappingRunnable.run(TaskThread.java:61)
	at java.base/java.lang.Thread.run(Thread.java:833)
Caused by: java.lang.ClassNotFoundException: java.security.acl.Group
	at java.base/jdk.internal.loader.BuiltinClassLoader.loadClass(BuiltinClassLoader.java:641)
	at java.base/jdk.internal.loader.ClassLoaders$AppClassLoader.loadClass(ClassLoaders.java:188)
	at java.base/java.lang.ClassLoader.loadClass(ClassLoader.java:521)
	... 19 more
[30m2022-11-09T00:44:13,052[m [1;31mERROR [m[[1;34mhttp-nio-8888-exec-9[m] [1;33mo.a.j.l.DirectJDKLog[m: Exception Processing /sso/login
java.lang.NoClassDefFoundError: java/security/acl/Group
	at org.keycloak.adapters.tomcat.KeycloakAuthenticatorValve.createPrincipalFactory(KeycloakAuthenticatorValve.java:96)
	at org.keycloak.adapters.tomcat.AbstractKeycloakAuthenticatorValve.createSessionTokenStore(AbstractKeycloakAuthenticatorValve.java:262)
	at org.keycloak.adapters.tomcat.AbstractKeycloakAuthenticatorValve.getTokenStore(AbstractKeycloakAuthenticatorValve.java:251)
	at org.keycloak.adapters.tomcat.KeycloakAuthenticatorValve.getTokenStore(KeycloakAuthenticatorValve.java:106)
	at org.keycloak.adapters.tomcat.AbstractKeycloakAuthenticatorValve.checkKeycloakSession(AbstractKeycloakAuthenticatorValve.java:228)
	at org.keycloak.adapters.tomcat.AbstractKeycloakAuthenticatorValve.invoke(AbstractKeycloakAuthenticatorValve.java:180)
	at org.apache.catalina.core.StandardHostValve.invoke(StandardHostValve.java:135)
	at org.apache.catalina.valves.ErrorReportValve.invoke(ErrorReportValve.java:92)
	at org.apache.catalina.core.StandardEngineValve.invoke(StandardEngineValve.java:78)
	at org.apache.catalina.connector.CoyoteAdapter.service(CoyoteAdapter.java:357)
	at org.apache.coyote.http11.Http11Processor.service(Http11Processor.java:382)
	at org.apache.coyote.AbstractProcessorLight.process(AbstractProcessorLight.java:65)
	at org.apache.coyote.AbstractProtocol$ConnectionHandler.process(AbstractProtocol.java:893)
	at org.apache.tomcat.util.net.NioEndpoint$SocketProcessor.doRun(NioEndpoint.java:1726)
	at org.apache.tomcat.util.net.SocketProcessorBase.run(SocketProcessorBase.java:49)
	at org.apache.tomcat.util.threads.ThreadPoolExecutor.runWorker(ThreadPoolExecutor.java:1191)
	at org.apache.tomcat.util.threads.ThreadPoolExecutor$Worker.run(ThreadPoolExecutor.java:659)
	at org.apache.tomcat.util.threads.TaskThread$WrappingRunnable.run(TaskThread.java:61)
	at java.base/java.lang.Thread.run(Thread.java:833)
Caused by: java.lang.ClassNotFoundException: java.security.acl.Group
	at java.base/jdk.internal.loader.BuiltinClassLoader.loadClass(BuiltinClassLoader.java:641)
	at java.base/jdk.internal.loader.ClassLoaders$AppClassLoader.loadClass(ClassLoaders.java:188)
	at java.base/java.lang.ClassLoader.loadClass(ClassLoader.java:521)
	... 19 more
[30m2022-11-09T00:44:13,058[m [1;31mERROR [m[[1;34mhttp-nio-8888-exec-8[m] [1;33mo.a.j.l.DirectJDKLog[m: Exception Processing /sso/login
java.lang.NoClassDefFoundError: java/security/acl/Group
	at org.keycloak.adapters.tomcat.KeycloakAuthenticatorValve.createPrincipalFactory(KeycloakAuthenticatorValve.java:96)
	at org.keycloak.adapters.tomcat.AbstractKeycloakAuthenticatorValve.createSessionTokenStore(AbstractKeycloakAuthenticatorValve.java:262)
	at org.keycloak.adapters.tomcat.AbstractKeycloakAuthenticatorValve.getTokenStore(AbstractKeycloakAuthenticatorValve.java:251)
	at org.keycloak.adapters.tomcat.KeycloakAuthenticatorValve.getTokenStore(KeycloakAuthenticatorValve.java:106)
	at org.keycloak.adapters.tomcat.AbstractKeycloakAuthenticatorValve.checkKeycloakSession(AbstractKeycloakAuthenticatorValve.java:228)
	at org.keycloak.adapters.tomcat.AbstractKeycloakAuthenticatorValve.invoke(AbstractKeycloakAuthenticatorValve.java:180)
	at org.apache.catalina.core.StandardHostValve.invoke(StandardHostValve.java:135)
	at org.apache.catalina.valves.ErrorReportValve.invoke(ErrorReportValve.java:92)
	at org.apache.catalina.core.StandardEngineValve.invoke(StandardEngineValve.java:78)
	at org.apache.catalina.connector.CoyoteAdapter.service(CoyoteAdapter.java:357)
	at org.apache.coyote.http11.Http11Processor.service(Http11Processor.java:382)
	at org.apache.coyote.AbstractProcessorLight.process(AbstractProcessorLight.java:65)
	at org.apache.coyote.AbstractProtocol$ConnectionHandler.process(AbstractProtocol.java:893)
	at org.apache.tomcat.util.net.NioEndpoint$SocketProcessor.doRun(NioEndpoint.java:1726)
	at org.apache.tomcat.util.net.SocketProcessorBase.run(SocketProcessorBase.java:49)
	at org.apache.tomcat.util.threads.ThreadPoolExecutor.runWorker(ThreadPoolExecutor.java:1191)
	at org.apache.tomcat.util.threads.ThreadPoolExecutor$Worker.run(ThreadPoolExecutor.java:659)
	at org.apache.tomcat.util.threads.TaskThread$WrappingRunnable.run(TaskThread.java:61)
	at java.base/java.lang.Thread.run(Thread.java:833)
Caused by: java.lang.ClassNotFoundException: java.security.acl.Group
	at java.base/jdk.internal.loader.BuiltinClassLoader.loadClass(BuiltinClassLoader.java:641)
	at java.base/jdk.internal.loader.ClassLoaders$AppClassLoader.loadClass(ClassLoaders.java:188)
	at java.base/java.lang.ClassLoader.loadClass(ClassLoader.java:521)
	... 19 more
[30m2022-11-09T00:44:13,063[m [1;31mERROR [m[[1;34mhttp-nio-8888-exec-10[m] [1;33mo.a.j.l.DirectJDKLog[m: Exception Processing /sso/login
java.lang.NoClassDefFoundError: java/security/acl/Group
	at org.keycloak.adapters.tomcat.KeycloakAuthenticatorValve.createPrincipalFactory(KeycloakAuthenticatorValve.java:96)
	at org.keycloak.adapters.tomcat.AbstractKeycloakAuthenticatorValve.createSessionTokenStore(AbstractKeycloakAuthenticatorValve.java:262)
	at org.keycloak.adapters.tomcat.AbstractKeycloakAuthenticatorValve.getTokenStore(AbstractKeycloakAuthenticatorValve.java:251)
	at org.keycloak.adapters.tomcat.KeycloakAuthenticatorValve.getTokenStore(KeycloakAuthenticatorValve.java:106)
	at org.keycloak.adapters.tomcat.AbstractKeycloakAuthenticatorValve.checkKeycloakSession(AbstractKeycloakAuthenticatorValve.java:228)
	at org.keycloak.adapters.tomcat.AbstractKeycloakAuthenticatorValve.invoke(AbstractKeycloakAuthenticatorValve.java:180)
	at org.apache.catalina.core.StandardHostValve.invoke(StandardHostValve.java:135)
	at org.apache.catalina.valves.ErrorReportValve.invoke(ErrorReportValve.java:92)
	at org.apache.catalina.core.StandardEngineValve.invoke(StandardEngineValve.java:78)
	at org.apache.catalina.connector.CoyoteAdapter.service(CoyoteAdapter.java:357)
	at org.apache.coyote.http11.Http11Processor.service(Http11Processor.java:382)
	at org.apache.coyote.AbstractProcessorLight.process(AbstractProcessorLight.java:65)
	at org.apache.coyote.AbstractProtocol$ConnectionHandler.process(AbstractProtocol.java:893)
	at org.apache.tomcat.util.net.NioEndpoint$SocketProcessor.doRun(NioEndpoint.java:1726)
	at org.apache.tomcat.util.net.SocketProcessorBase.run(SocketProcessorBase.java:49)
	at org.apache.tomcat.util.threads.ThreadPoolExecutor.runWorker(ThreadPoolExecutor.java:1191)
	at org.apache.tomcat.util.threads.ThreadPoolExecutor$Worker.run(ThreadPoolExecutor.java:659)
	at org.apache.tomcat.util.threads.TaskThread$WrappingRunnable.run(TaskThread.java:61)
	at java.base/java.lang.Thread.run(Thread.java:833)
Caused by: java.lang.ClassNotFoundException: java.security.acl.Group
	at java.base/jdk.internal.loader.BuiltinClassLoader.loadClass(BuiltinClassLoader.java:641)
	at java.base/jdk.internal.loader.ClassLoaders$AppClassLoader.loadClass(ClassLoaders.java:188)
	at java.base/java.lang.ClassLoader.loadClass(ClassLoader.java:521)
	... 19 more
[30m2022-11-09T00:44:13,067[m [1;31mERROR [m[[1;34mhttp-nio-8888-exec-1[m] [1;33mo.a.j.l.DirectJDKLog[m: Exception Processing /sso/login
java.lang.NoClassDefFoundError: java/security/acl/Group
	at org.keycloak.adapters.tomcat.KeycloakAuthenticatorValve.createPrincipalFactory(KeycloakAuthenticatorValve.java:96)
	at org.keycloak.adapters.tomcat.AbstractKeycloakAuthenticatorValve.createSessionTokenStore(AbstractKeycloakAuthenticatorValve.java:262)
	at org.keycloak.adapters.tomcat.AbstractKeycloakAuthenticatorValve.getTokenStore(AbstractKeycloakAuthenticatorValve.java:251)
	at org.keycloak.adapters.tomcat.KeycloakAuthenticatorValve.getTokenStore(KeycloakAuthenticatorValve.java:106)
	at org.keycloak.adapters.tomcat.AbstractKeycloakAuthenticatorValve.checkKeycloakSession(AbstractKeycloakAuthenticatorValve.java:228)
	at org.keycloak.adapters.tomcat.AbstractKeycloakAuthenticatorValve.invoke(AbstractKeycloakAuthenticatorValve.java:180)
	at org.apache.catalina.core.StandardHostValve.invoke(StandardHostValve.java:135)
	at org.apache.catalina.valves.ErrorReportValve.invoke(ErrorReportValve.java:92)
	at org.apache.catalina.core.StandardEngineValve.invoke(StandardEngineValve.java:78)
	at org.apache.catalina.connector.CoyoteAdapter.service(CoyoteAdapter.java:357)
	at org.apache.coyote.http11.Http11Processor.service(Http11Processor.java:382)
	at org.apache.coyote.AbstractProcessorLight.process(AbstractProcessorLight.java:65)
	at org.apache.coyote.AbstractProtocol$ConnectionHandler.process(AbstractProtocol.java:893)
	at org.apache.tomcat.util.net.NioEndpoint$SocketProcessor.doRun(NioEndpoint.java:1726)
	at org.apache.tomcat.util.net.SocketProcessorBase.run(SocketProcessorBase.java:49)
	at org.apache.tomcat.util.threads.ThreadPoolExecutor.runWorker(ThreadPoolExecutor.java:1191)
	at org.apache.tomcat.util.threads.ThreadPoolExecutor$Worker.run(ThreadPoolExecutor.java:659)
	at org.apache.tomcat.util.threads.TaskThread$WrappingRunnable.run(TaskThread.java:61)
	at java.base/java.lang.Thread.run(Thread.java:833)
Caused by: java.lang.ClassNotFoundException: java.security.acl.Group
	at java.base/jdk.internal.loader.BuiltinClassLoader.loadClass(BuiltinClassLoader.java:641)
	at java.base/jdk.internal.loader.ClassLoaders$AppClassLoader.loadClass(ClassLoaders.java:188)
	at java.base/java.lang.ClassLoader.loadClass(ClassLoader.java:521)
	... 19 more
[30m2022-11-09T00:44:13,073[m [1;31mERROR [m[[1;34mhttp-nio-8888-exec-3[m] [1;33mo.a.j.l.DirectJDKLog[m: Exception Processing /sso/login
java.lang.NoClassDefFoundError: java/security/acl/Group
	at org.keycloak.adapters.tomcat.KeycloakAuthenticatorValve.createPrincipalFactory(KeycloakAuthenticatorValve.java:96)
	at org.keycloak.adapters.tomcat.AbstractKeycloakAuthenticatorValve.createSessionTokenStore(AbstractKeycloakAuthenticatorValve.java:262)
	at org.keycloak.adapters.tomcat.AbstractKeycloakAuthenticatorValve.getTokenStore(AbstractKeycloakAuthenticatorValve.java:251)
	at org.keycloak.adapters.tomcat.KeycloakAuthenticatorValve.getTokenStore(KeycloakAuthenticatorValve.java:106)
	at org.keycloak.adapters.tomcat.AbstractKeycloakAuthenticatorValve.checkKeycloakSession(AbstractKeycloakAuthenticatorValve.java:228)
	at org.keycloak.adapters.tomcat.AbstractKeycloakAuthenticatorValve.invoke(AbstractKeycloakAuthenticatorValve.java:180)
	at org.apache.catalina.core.StandardHostValve.invoke(StandardHostValve.java:135)
	at org.apache.catalina.valves.ErrorReportValve.invoke(ErrorReportValve.java:92)
	at org.apache.catalina.core.StandardEngineValve.invoke(StandardEngineValve.java:78)
	at org.apache.catalina.connector.CoyoteAdapter.service(CoyoteAdapter.java:357)
	at org.apache.coyote.http11.Http11Processor.service(Http11Processor.java:382)
	at org.apache.coyote.AbstractProcessorLight.process(AbstractProcessorLight.java:65)
	at org.apache.coyote.AbstractProtocol$ConnectionHandler.process(AbstractProtocol.java:893)
	at org.apache.tomcat.util.net.NioEndpoint$SocketProcessor.doRun(NioEndpoint.java:1726)
	at org.apache.tomcat.util.net.SocketProcessorBase.run(SocketProcessorBase.java:49)
	at org.apache.tomcat.util.threads.ThreadPoolExecutor.runWorker(ThreadPoolExecutor.java:1191)
	at org.apache.tomcat.util.threads.ThreadPoolExecutor$Worker.run(ThreadPoolExecutor.java:659)
	at org.apache.tomcat.util.threads.TaskThread$WrappingRunnable.run(TaskThread.java:61)
	at java.base/java.lang.Thread.run(Thread.java:833)
Caused by: java.lang.ClassNotFoundException: java.security.acl.Group
	at java.base/jdk.internal.loader.BuiltinClassLoader.loadClass(BuiltinClassLoader.java:641)
	at java.base/jdk.internal.loader.ClassLoaders$AppClassLoader.loadClass(ClassLoaders.java:188)
	at java.base/java.lang.ClassLoader.loadClass(ClassLoader.java:521)
	... 19 more
[30m2022-11-09T00:44:13,078[m [1;31mERROR [m[[1;34mhttp-nio-8888-exec-2[m] [1;33mo.a.j.l.DirectJDKLog[m: Exception Processing /sso/login
java.lang.NoClassDefFoundError: java/security/acl/Group
	at org.keycloak.adapters.tomcat.KeycloakAuthenticatorValve.createPrincipalFactory(KeycloakAuthenticatorValve.java:96)
	at org.keycloak.adapters.tomcat.AbstractKeycloakAuthenticatorValve.createSessionTokenStore(AbstractKeycloakAuthenticatorValve.java:262)
	at org.keycloak.adapters.tomcat.AbstractKeycloakAuthenticatorValve.getTokenStore(AbstractKeycloakAuthenticatorValve.java:251)
	at org.keycloak.adapters.tomcat.KeycloakAuthenticatorValve.getTokenStore(KeycloakAuthenticatorValve.java:106)
	at org.keycloak.adapters.tomcat.AbstractKeycloakAuthenticatorValve.checkKeycloakSession(AbstractKeycloakAuthenticatorValve.java:228)
	at org.keycloak.adapters.tomcat.AbstractKeycloakAuthenticatorValve.invoke(AbstractKeycloakAuthenticatorValve.java:180)
	at org.apache.catalina.core.StandardHostValve.invoke(StandardHostValve.java:135)
	at org.apache.catalina.valves.ErrorReportValve.invoke(ErrorReportValve.java:92)
	at org.apache.catalina.core.StandardEngineValve.invoke(StandardEngineValve.java:78)
	at org.apache.catalina.connector.CoyoteAdapter.service(CoyoteAdapter.java:357)
	at org.apache.coyote.http11.Http11Processor.service(Http11Processor.java:382)
	at org.apache.coyote.AbstractProcessorLight.process(AbstractProcessorLight.java:65)
	at org.apache.coyote.AbstractProtocol$ConnectionHandler.process(AbstractProtocol.java:893)
	at org.apache.tomcat.util.net.NioEndpoint$SocketProcessor.doRun(NioEndpoint.java:1726)
	at org.apache.tomcat.util.net.SocketProcessorBase.run(SocketProcessorBase.java:49)
	at org.apache.tomcat.util.threads.ThreadPoolExecutor.runWorker(ThreadPoolExecutor.java:1191)
	at org.apache.tomcat.util.threads.ThreadPoolExecutor$Worker.run(ThreadPoolExecutor.java:659)
	at org.apache.tomcat.util.threads.TaskThread$WrappingRunnable.run(TaskThread.java:61)
	at java.base/java.lang.Thread.run(Thread.java:833)
Caused by: java.lang.ClassNotFoundException: java.security.acl.Group
	at java.base/jdk.internal.loader.BuiltinClassLoader.loadClass(BuiltinClassLoader.java:641)
	at java.base/jdk.internal.loader.ClassLoaders$AppClassLoader.loadClass(ClassLoaders.java:188)
	at java.base/java.lang.ClassLoader.loadClass(ClassLoader.java:521)
	... 19 more
[30m2022-11-09T00:44:13,083[m [1;31mERROR [m[[1;34mhttp-nio-8888-exec-4[m] [1;33mo.a.j.l.DirectJDKLog[m: Exception Processing /sso/login
java.lang.NoClassDefFoundError: java/security/acl/Group
	at org.keycloak.adapters.tomcat.KeycloakAuthenticatorValve.createPrincipalFactory(KeycloakAuthenticatorValve.java:96)
	at org.keycloak.adapters.tomcat.AbstractKeycloakAuthenticatorValve.createSessionTokenStore(AbstractKeycloakAuthenticatorValve.java:262)
	at org.keycloak.adapters.tomcat.AbstractKeycloakAuthenticatorValve.getTokenStore(AbstractKeycloakAuthenticatorValve.java:251)
	at org.keycloak.adapters.tomcat.KeycloakAuthenticatorValve.getTokenStore(KeycloakAuthenticatorValve.java:106)
	at org.keycloak.adapters.tomcat.AbstractKeycloakAuthenticatorValve.checkKeycloakSession(AbstractKeycloakAuthenticatorValve.java:228)
	at org.keycloak.adapters.tomcat.AbstractKeycloakAuthenticatorValve.invoke(AbstractKeycloakAuthenticatorValve.java:180)
	at org.apache.catalina.core.StandardHostValve.invoke(StandardHostValve.java:135)
	at org.apache.catalina.valves.ErrorReportValve.invoke(ErrorReportValve.java:92)
	at org.apache.catalina.core.StandardEngineValve.invoke(StandardEngineValve.java:78)
	at org.apache.catalina.connector.CoyoteAdapter.service(CoyoteAdapter.java:357)
	at org.apache.coyote.http11.Http11Processor.service(Http11Processor.java:382)
	at org.apache.coyote.AbstractProcessorLight.process(AbstractProcessorLight.java:65)
	at org.apache.coyote.AbstractProtocol$ConnectionHandler.process(AbstractProtocol.java:893)
	at org.apache.tomcat.util.net.NioEndpoint$SocketProcessor.doRun(NioEndpoint.java:1726)
	at org.apache.tomcat.util.net.SocketProcessorBase.run(SocketProcessorBase.java:49)
	at org.apache.tomcat.util.threads.ThreadPoolExecutor.runWorker(ThreadPoolExecutor.java:1191)
	at org.apache.tomcat.util.threads.ThreadPoolExecutor$Worker.run(ThreadPoolExecutor.java:659)
	at org.apache.tomcat.util.threads.TaskThread$WrappingRunnable.run(TaskThread.java:61)
	at java.base/java.lang.Thread.run(Thread.java:833)
Caused by: java.lang.ClassNotFoundException: java.security.acl.Group
	at java.base/jdk.internal.loader.BuiltinClassLoader.loadClass(BuiltinClassLoader.java:641)
	at java.base/jdk.internal.loader.ClassLoaders$AppClassLoader.loadClass(ClassLoaders.java:188)
	at java.base/java.lang.ClassLoader.loadClass(ClassLoader.java:521)
	... 19 more
[30m2022-11-09T00:44:13,088[m [1;31mERROR [m[[1;34mhttp-nio-8888-exec-5[m] [1;33mo.a.j.l.DirectJDKLog[m: Exception Processing /sso/login
java.lang.NoClassDefFoundError: java/security/acl/Group
	at org.keycloak.adapters.tomcat.KeycloakAuthenticatorValve.createPrincipalFactory(KeycloakAuthenticatorValve.java:96)
	at org.keycloak.adapters.tomcat.AbstractKeycloakAuthenticatorValve.createSessionTokenStore(AbstractKeycloakAuthenticatorValve.java:262)
	at org.keycloak.adapters.tomcat.AbstractKeycloakAuthenticatorValve.getTokenStore(AbstractKeycloakAuthenticatorValve.java:251)
	at org.keycloak.adapters.tomcat.KeycloakAuthenticatorValve.getTokenStore(KeycloakAuthenticatorValve.java:106)
	at org.keycloak.adapters.tomcat.AbstractKeycloakAuthenticatorValve.checkKeycloakSession(AbstractKeycloakAuthenticatorValve.java:228)
	at org.keycloak.adapters.tomcat.AbstractKeycloakAuthenticatorValve.invoke(AbstractKeycloakAuthenticatorValve.java:180)
	at org.apache.catalina.core.StandardHostValve.invoke(StandardHostValve.java:135)
	at org.apache.catalina.valves.ErrorReportValve.invoke(ErrorReportValve.java:92)
	at org.apache.catalina.core.StandardEngineValve.invoke(StandardEngineValve.java:78)
	at org.apache.catalina.connector.CoyoteAdapter.service(CoyoteAdapter.java:357)
	at org.apache.coyote.http11.Http11Processor.service(Http11Processor.java:382)
	at org.apache.coyote.AbstractProcessorLight.process(AbstractProcessorLight.java:65)
	at org.apache.coyote.AbstractProtocol$ConnectionHandler.process(AbstractProtocol.java:893)
	at org.apache.tomcat.util.net.NioEndpoint$SocketProcessor.doRun(NioEndpoint.java:1726)
	at org.apache.tomcat.util.net.SocketProcessorBase.run(SocketProcessorBase.java:49)
	at org.apache.tomcat.util.threads.ThreadPoolExecutor.runWorker(ThreadPoolExecutor.java:1191)
	at org.apache.tomcat.util.threads.ThreadPoolExecutor$Worker.run(ThreadPoolExecutor.java:659)
	at org.apache.tomcat.util.threads.TaskThread$WrappingRunnable.run(TaskThread.java:61)
	at java.base/java.lang.Thread.run(Thread.java:833)
Caused by: java.lang.ClassNotFoundException: java.security.acl.Group
	at java.base/jdk.internal.loader.BuiltinClassLoader.loadClass(BuiltinClassLoader.java:641)
	at java.base/jdk.internal.loader.ClassLoaders$AppClassLoader.loadClass(ClassLoaders.java:188)
	at java.base/java.lang.ClassLoader.loadClass(ClassLoader.java:521)
	... 19 more
[30m2022-11-09T00:44:13,094[m [1;31mERROR [m[[1;34mhttp-nio-8888-exec-7[m] [1;33mo.a.j.l.DirectJDKLog[m: Exception Processing /sso/login
java.lang.NoClassDefFoundError: java/security/acl/Group
	at org.keycloak.adapters.tomcat.KeycloakAuthenticatorValve.createPrincipalFactory(KeycloakAuthenticatorValve.java:96)
	at org.keycloak.adapters.tomcat.AbstractKeycloakAuthenticatorValve.createSessionTokenStore(AbstractKeycloakAuthenticatorValve.java:262)
	at org.keycloak.adapters.tomcat.AbstractKeycloakAuthenticatorValve.getTokenStore(AbstractKeycloakAuthenticatorValve.java:251)
	at org.keycloak.adapters.tomcat.KeycloakAuthenticatorValve.getTokenStore(KeycloakAuthenticatorValve.java:106)
	at org.keycloak.adapters.tomcat.AbstractKeycloakAuthenticatorValve.checkKeycloakSession(AbstractKeycloakAuthenticatorValve.java:228)
	at org.keycloak.adapters.tomcat.AbstractKeycloakAuthenticatorValve.invoke(AbstractKeycloakAuthenticatorValve.java:180)
	at org.apache.catalina.core.StandardHostValve.invoke(StandardHostValve.java:135)
	at org.apache.catalina.valves.ErrorReportValve.invoke(ErrorReportValve.java:92)
	at org.apache.catalina.core.StandardEngineValve.invoke(StandardEngineValve.java:78)
	at org.apache.catalina.connector.CoyoteAdapter.service(CoyoteAdapter.java:357)
	at org.apache.coyote.http11.Http11Processor.service(Http11Processor.java:382)
	at org.apache.coyote.AbstractProcessorLight.process(AbstractProcessorLight.java:65)
	at org.apache.coyote.AbstractProtocol$ConnectionHandler.process(AbstractProtocol.java:893)
	at org.apache.tomcat.util.net.NioEndpoint$SocketProcessor.doRun(NioEndpoint.java:1726)
	at org.apache.tomcat.util.net.SocketProcessorBase.run(SocketProcessorBase.java:49)
	at org.apache.tomcat.util.threads.ThreadPoolExecutor.runWorker(ThreadPoolExecutor.java:1191)
	at org.apache.tomcat.util.threads.ThreadPoolExecutor$Worker.run(ThreadPoolExecutor.java:659)
	at org.apache.tomcat.util.threads.TaskThread$WrappingRunnable.run(TaskThread.java:61)
	at java.base/java.lang.Thread.run(Thread.java:833)
Caused by: java.lang.ClassNotFoundException: java.security.acl.Group
	at java.base/jdk.internal.loader.BuiltinClassLoader.loadClass(BuiltinClassLoader.java:641)
	at java.base/jdk.internal.loader.ClassLoaders$AppClassLoader.loadClass(ClassLoaders.java:188)
	at java.base/java.lang.ClassLoader.loadClass(ClassLoader.java:521)
	... 19 more
[30m2022-11-09T00:44:13,099[m [1;31mERROR [m[[1;34mhttp-nio-8888-exec-6[m] [1;33mo.a.j.l.DirectJDKLog[m: Exception Processing /sso/login
java.lang.NoClassDefFoundError: java/security/acl/Group
	at org.keycloak.adapters.tomcat.KeycloakAuthenticatorValve.createPrincipalFactory(KeycloakAuthenticatorValve.java:96)
	at org.keycloak.adapters.tomcat.AbstractKeycloakAuthenticatorValve.createSessionTokenStore(AbstractKeycloakAuthenticatorValve.java:262)
	at org.keycloak.adapters.tomcat.AbstractKeycloakAuthenticatorValve.getTokenStore(AbstractKeycloakAuthenticatorValve.java:251)
	at org.keycloak.adapters.tomcat.KeycloakAuthenticatorValve.getTokenStore(KeycloakAuthenticatorValve.java:106)
	at org.keycloak.adapters.tomcat.AbstractKeycloakAuthenticatorValve.checkKeycloakSession(AbstractKeycloakAuthenticatorValve.java:228)
	at org.keycloak.adapters.tomcat.AbstractKeycloakAuthenticatorValve.invoke(AbstractKeycloakAuthenticatorValve.java:180)
	at org.apache.catalina.core.StandardHostValve.invoke(StandardHostValve.java:135)
	at org.apache.catalina.valves.ErrorReportValve.invoke(ErrorReportValve.java:92)
	at org.apache.catalina.core.StandardEngineValve.invoke(StandardEngineValve.java:78)
	at org.apache.catalina.connector.CoyoteAdapter.service(CoyoteAdapter.java:357)
	at org.apache.coyote.http11.Http11Processor.service(Http11Processor.java:382)
	at org.apache.coyote.AbstractProcessorLight.process(AbstractProcessorLight.java:65)
	at org.apache.coyote.AbstractProtocol$ConnectionHandler.process(AbstractProtocol.java:893)
	at org.apache.tomcat.util.net.NioEndpoint$SocketProcessor.doRun(NioEndpoint.java:1726)
	at org.apache.tomcat.util.net.SocketProcessorBase.run(SocketProcessorBase.java:49)
	at org.apache.tomcat.util.threads.ThreadPoolExecutor.runWorker(ThreadPoolExecutor.java:1191)
	at org.apache.tomcat.util.threads.ThreadPoolExecutor$Worker.run(ThreadPoolExecutor.java:659)
	at org.apache.tomcat.util.threads.TaskThread$WrappingRunnable.run(TaskThread.java:61)
	at java.base/java.lang.Thread.run(Thread.java:833)
Caused by: java.lang.ClassNotFoundException: java.security.acl.Group
	at java.base/jdk.internal.loader.BuiltinClassLoader.loadClass(BuiltinClassLoader.java:641)
	at java.base/jdk.internal.loader.ClassLoaders$AppClassLoader.loadClass(ClassLoaders.java:188)
	at java.base/java.lang.ClassLoader.loadClass(ClassLoader.java:521)
	... 19 more
[30m2022-11-09T00:44:13,106[m [1;31mERROR [m[[1;34mhttp-nio-8888-exec-9[m] [1;33mo.a.j.l.DirectJDKLog[m: Exception Processing /sso/login
java.lang.NoClassDefFoundError: java/security/acl/Group
	at org.keycloak.adapters.tomcat.KeycloakAuthenticatorValve.createPrincipalFactory(KeycloakAuthenticatorValve.java:96)
	at org.keycloak.adapters.tomcat.AbstractKeycloakAuthenticatorValve.createSessionTokenStore(AbstractKeycloakAuthenticatorValve.java:262)
	at org.keycloak.adapters.tomcat.AbstractKeycloakAuthenticatorValve.getTokenStore(AbstractKeycloakAuthenticatorValve.java:251)
	at org.keycloak.adapters.tomcat.KeycloakAuthenticatorValve.getTokenStore(KeycloakAuthenticatorValve.java:106)
	at org.keycloak.adapters.tomcat.AbstractKeycloakAuthenticatorValve.checkKeycloakSession(AbstractKeycloakAuthenticatorValve.java:228)
	at org.keycloak.adapters.tomcat.AbstractKeycloakAuthenticatorValve.invoke(AbstractKeycloakAuthenticatorValve.java:180)
	at org.apache.catalina.core.StandardHostValve.invoke(StandardHostValve.java:135)
	at org.apache.catalina.valves.ErrorReportValve.invoke(ErrorReportValve.java:92)
	at org.apache.catalina.core.StandardEngineValve.invoke(StandardEngineValve.java:78)
	at org.apache.catalina.connector.CoyoteAdapter.service(CoyoteAdapter.java:357)
	at org.apache.coyote.http11.Http11Processor.service(Http11Processor.java:382)
	at org.apache.coyote.AbstractProcessorLight.process(AbstractProcessorLight.java:65)
	at org.apache.coyote.AbstractProtocol$ConnectionHandler.process(AbstractProtocol.java:893)
	at org.apache.tomcat.util.net.NioEndpoint$SocketProcessor.doRun(NioEndpoint.java:1726)
	at org.apache.tomcat.util.net.SocketProcessorBase.run(SocketProcessorBase.java:49)
	at org.apache.tomcat.util.threads.ThreadPoolExecutor.runWorker(ThreadPoolExecutor.java:1191)
	at org.apache.tomcat.util.threads.ThreadPoolExecutor$Worker.run(ThreadPoolExecutor.java:659)
	at org.apache.tomcat.util.threads.TaskThread$WrappingRunnable.run(TaskThread.java:61)
	at java.base/java.lang.Thread.run(Thread.java:833)
Caused by: java.lang.ClassNotFoundException: java.security.acl.Group
	at java.base/jdk.internal.loader.BuiltinClassLoader.loadClass(BuiltinClassLoader.java:641)
	at java.base/jdk.internal.loader.ClassLoaders$AppClassLoader.loadClass(ClassLoaders.java:188)
	at java.base/java.lang.ClassLoader.loadClass(ClassLoader.java:521)
	... 19 more
[30m2022-11-09T00:44:13,111[m [1;31mERROR [m[[1;34mhttp-nio-8888-exec-8[m] [1;33mo.a.j.l.DirectJDKLog[m: Exception Processing /sso/login
java.lang.NoClassDefFoundError: java/security/acl/Group
	at org.keycloak.adapters.tomcat.KeycloakAuthenticatorValve.createPrincipalFactory(KeycloakAuthenticatorValve.java:96)
	at org.keycloak.adapters.tomcat.AbstractKeycloakAuthenticatorValve.createSessionTokenStore(AbstractKeycloakAuthenticatorValve.java:262)
	at org.keycloak.adapters.tomcat.AbstractKeycloakAuthenticatorValve.getTokenStore(AbstractKeycloakAuthenticatorValve.java:251)
	at org.keycloak.adapters.tomcat.KeycloakAuthenticatorValve.getTokenStore(KeycloakAuthenticatorValve.java:106)
	at org.keycloak.adapters.tomcat.AbstractKeycloakAuthenticatorValve.checkKeycloakSession(AbstractKeycloakAuthenticatorValve.java:228)
	at org.keycloak.adapters.tomcat.AbstractKeycloakAuthenticatorValve.invoke(AbstractKeycloakAuthenticatorValve.java:180)
	at org.apache.catalina.core.StandardHostValve.invoke(StandardHostValve.java:135)
	at org.apache.catalina.valves.ErrorReportValve.invoke(ErrorReportValve.java:92)
	at org.apache.catalina.core.StandardEngineValve.invoke(StandardEngineValve.java:78)
	at org.apache.catalina.connector.CoyoteAdapter.service(CoyoteAdapter.java:357)
	at org.apache.coyote.http11.Http11Processor.service(Http11Processor.java:382)
	at org.apache.coyote.AbstractProcessorLight.process(AbstractProcessorLight.java:65)
	at org.apache.coyote.AbstractProtocol$ConnectionHandler.process(AbstractProtocol.java:893)
	at org.apache.tomcat.util.net.NioEndpoint$SocketProcessor.doRun(NioEndpoint.java:1726)
	at org.apache.tomcat.util.net.SocketProcessorBase.run(SocketProcessorBase.java:49)
	at org.apache.tomcat.util.threads.ThreadPoolExecutor.runWorker(ThreadPoolExecutor.java:1191)
	at org.apache.tomcat.util.threads.ThreadPoolExecutor$Worker.run(ThreadPoolExecutor.java:659)
	at org.apache.tomcat.util.threads.TaskThread$WrappingRunnable.run(TaskThread.java:61)
	at java.base/java.lang.Thread.run(Thread.java:833)
Caused by: java.lang.ClassNotFoundException: java.security.acl.Group
	at java.base/jdk.internal.loader.BuiltinClassLoader.loadClass(BuiltinClassLoader.java:641)
	at java.base/jdk.internal.loader.ClassLoaders$AppClassLoader.loadClass(ClassLoaders.java:188)
	at java.base/java.lang.ClassLoader.loadClass(ClassLoader.java:521)
	... 19 more
[30m2022-11-09T00:44:13,117[m [1;31mERROR [m[[1;34mhttp-nio-8888-exec-10[m] [1;33mo.a.j.l.DirectJDKLog[m: Exception Processing /sso/login
java.lang.NoClassDefFoundError: java/security/acl/Group
	at org.keycloak.adapters.tomcat.KeycloakAuthenticatorValve.createPrincipalFactory(KeycloakAuthenticatorValve.java:96)
	at org.keycloak.adapters.tomcat.AbstractKeycloakAuthenticatorValve.createSessionTokenStore(AbstractKeycloakAuthenticatorValve.java:262)
	at org.keycloak.adapters.tomcat.AbstractKeycloakAuthenticatorValve.getTokenStore(AbstractKeycloakAuthenticatorValve.java:251)
	at org.keycloak.adapters.tomcat.KeycloakAuthenticatorValve.getTokenStore(KeycloakAuthenticatorValve.java:106)
	at org.keycloak.adapters.tomcat.AbstractKeycloakAuthenticatorValve.checkKeycloakSession(AbstractKeycloakAuthenticatorValve.java:228)
	at org.keycloak.adapters.tomcat.AbstractKeycloakAuthenticatorValve.invoke(AbstractKeycloakAuthenticatorValve.java:180)
	at org.apache.catalina.core.StandardHostValve.invoke(StandardHostValve.java:135)
	at org.apache.catalina.valves.ErrorReportValve.invoke(ErrorReportValve.java:92)
	at org.apache.catalina.core.StandardEngineValve.invoke(StandardEngineValve.java:78)
	at org.apache.catalina.connector.CoyoteAdapter.service(CoyoteAdapter.java:357)
	at org.apache.coyote.http11.Http11Processor.service(Http11Processor.java:382)
	at org.apache.coyote.AbstractProcessorLight.process(AbstractProcessorLight.java:65)
	at org.apache.coyote.AbstractProtocol$ConnectionHandler.process(AbstractProtocol.java:893)
	at org.apache.tomcat.util.net.NioEndpoint$SocketProcessor.doRun(NioEndpoint.java:1726)
	at org.apache.tomcat.util.net.SocketProcessorBase.run(SocketProcessorBase.java:49)
	at org.apache.tomcat.util.threads.ThreadPoolExecutor.runWorker(ThreadPoolExecutor.java:1191)
	at org.apache.tomcat.util.threads.ThreadPoolExecutor$Worker.run(ThreadPoolExecutor.java:659)
	at org.apache.tomcat.util.threads.TaskThread$WrappingRunnable.run(TaskThread.java:61)
	at java.base/java.lang.Thread.run(Thread.java:833)
Caused by: java.lang.ClassNotFoundException: java.security.acl.Group
	at java.base/jdk.internal.loader.BuiltinClassLoader.loadClass(BuiltinClassLoader.java:641)
	at java.base/jdk.internal.loader.ClassLoaders$AppClassLoader.loadClass(ClassLoaders.java:188)
	at java.base/java.lang.ClassLoader.loadClass(ClassLoader.java:521)
	... 19 more
[30m2022-11-09T00:44:13,124[m [1;31mERROR [m[[1;34mhttp-nio-8888-exec-1[m] [1;33mo.a.j.l.DirectJDKLog[m: Exception Processing /sso/login
java.lang.NoClassDefFoundError: java/security/acl/Group
	at org.keycloak.adapters.tomcat.KeycloakAuthenticatorValve.createPrincipalFactory(KeycloakAuthenticatorValve.java:96)
	at org.keycloak.adapters.tomcat.AbstractKeycloakAuthenticatorValve.createSessionTokenStore(AbstractKeycloakAuthenticatorValve.java:262)
	at org.keycloak.adapters.tomcat.AbstractKeycloakAuthenticatorValve.getTokenStore(AbstractKeycloakAuthenticatorValve.java:251)
	at org.keycloak.adapters.tomcat.KeycloakAuthenticatorValve.getTokenStore(KeycloakAuthenticatorValve.java:106)
	at org.keycloak.adapters.tomcat.AbstractKeycloakAuthenticatorValve.checkKeycloakSession(AbstractKeycloakAuthenticatorValve.java:228)
	at org.keycloak.adapters.tomcat.AbstractKeycloakAuthenticatorValve.invoke(AbstractKeycloakAuthenticatorValve.java:180)
	at org.apache.catalina.core.StandardHostValve.invoke(StandardHostValve.java:135)
	at org.apache.catalina.valves.ErrorReportValve.invoke(ErrorReportValve.java:92)
	at org.apache.catalina.core.StandardEngineValve.invoke(StandardEngineValve.java:78)
	at org.apache.catalina.connector.CoyoteAdapter.service(CoyoteAdapter.java:357)
	at org.apache.coyote.http11.Http11Processor.service(Http11Processor.java:382)
	at org.apache.coyote.AbstractProcessorLight.process(AbstractProcessorLight.java:65)
	at org.apache.coyote.AbstractProtocol$ConnectionHandler.process(AbstractProtocol.java:893)
	at org.apache.tomcat.util.net.NioEndpoint$SocketProcessor.doRun(NioEndpoint.java:1726)
	at org.apache.tomcat.util.net.SocketProcessorBase.run(SocketProcessorBase.java:49)
	at org.apache.tomcat.util.threads.ThreadPoolExecutor.runWorker(ThreadPoolExecutor.java:1191)
	at org.apache.tomcat.util.threads.ThreadPoolExecutor$Worker.run(ThreadPoolExecutor.java:659)
	at org.apache.tomcat.util.threads.TaskThread$WrappingRunnable.run(TaskThread.java:61)
	at java.base/java.lang.Thread.run(Thread.java:833)
Caused by: java.lang.ClassNotFoundException: java.security.acl.Group
	at java.base/jdk.internal.loader.BuiltinClassLoader.loadClass(BuiltinClassLoader.java:641)
	at java.base/jdk.internal.loader.ClassLoaders$AppClassLoader.loadClass(ClassLoaders.java:188)
	at java.base/java.lang.ClassLoader.loadClass(ClassLoader.java:521)
	... 19 more
[30m2022-11-09T00:44:13,130[m [1;31mERROR [m[[1;34mhttp-nio-8888-exec-3[m] [1;33mo.a.j.l.DirectJDKLog[m: Exception Processing /sso/login
java.lang.NoClassDefFoundError: java/security/acl/Group
	at org.keycloak.adapters.tomcat.KeycloakAuthenticatorValve.createPrincipalFactory(KeycloakAuthenticatorValve.java:96)
	at org.keycloak.adapters.tomcat.AbstractKeycloakAuthenticatorValve.createSessionTokenStore(AbstractKeycloakAuthenticatorValve.java:262)
	at org.keycloak.adapters.tomcat.AbstractKeycloakAuthenticatorValve.getTokenStore(AbstractKeycloakAuthenticatorValve.java:251)
	at org.keycloak.adapters.tomcat.KeycloakAuthenticatorValve.getTokenStore(KeycloakAuthenticatorValve.java:106)
	at org.keycloak.adapters.tomcat.AbstractKeycloakAuthenticatorValve.checkKeycloakSession(AbstractKeycloakAuthenticatorValve.java:228)
	at org.keycloak.adapters.tomcat.AbstractKeycloakAuthenticatorValve.invoke(AbstractKeycloakAuthenticatorValve.java:180)
	at org.apache.catalina.core.StandardHostValve.invoke(StandardHostValve.java:135)
	at org.apache.catalina.valves.ErrorReportValve.invoke(ErrorReportValve.java:92)
	at org.apache.catalina.core.StandardEngineValve.invoke(StandardEngineValve.java:78)
	at org.apache.catalina.connector.CoyoteAdapter.service(CoyoteAdapter.java:357)
	at org.apache.coyote.http11.Http11Processor.service(Http11Processor.java:382)
	at org.apache.coyote.AbstractProcessorLight.process(AbstractProcessorLight.java:65)
	at org.apache.coyote.AbstractProtocol$ConnectionHandler.process(AbstractProtocol.java:893)
	at org.apache.tomcat.util.net.NioEndpoint$SocketProcessor.doRun(NioEndpoint.java:1726)
	at org.apache.tomcat.util.net.SocketProcessorBase.run(SocketProcessorBase.java:49)
	at org.apache.tomcat.util.threads.ThreadPoolExecutor.runWorker(ThreadPoolExecutor.java:1191)
	at org.apache.tomcat.util.threads.ThreadPoolExecutor$Worker.run(ThreadPoolExecutor.java:659)
	at org.apache.tomcat.util.threads.TaskThread$WrappingRunnable.run(TaskThread.java:61)
	at java.base/java.lang.Thread.run(Thread.java:833)
Caused by: java.lang.ClassNotFoundException: java.security.acl.Group
	at java.base/jdk.internal.loader.BuiltinClassLoader.loadClass(BuiltinClassLoader.java:641)
	at java.base/jdk.internal.loader.ClassLoaders$AppClassLoader.loadClass(ClassLoaders.java:188)
	at java.base/java.lang.ClassLoader.loadClass(ClassLoader.java:521)
	... 19 more
[30m2022-11-09T00:44:13,136[m [1;31mERROR [m[[1;34mhttp-nio-8888-exec-2[m] [1;33mo.a.j.l.DirectJDKLog[m: Exception Processing /sso/login
java.lang.NoClassDefFoundError: java/security/acl/Group
	at org.keycloak.adapters.tomcat.KeycloakAuthenticatorValve.createPrincipalFactory(KeycloakAuthenticatorValve.java:96)
	at org.keycloak.adapters.tomcat.AbstractKeycloakAuthenticatorValve.createSessionTokenStore(AbstractKeycloakAuthenticatorValve.java:262)
	at org.keycloak.adapters.tomcat.AbstractKeycloakAuthenticatorValve.getTokenStore(AbstractKeycloakAuthenticatorValve.java:251)
	at org.keycloak.adapters.tomcat.KeycloakAuthenticatorValve.getTokenStore(KeycloakAuthenticatorValve.java:106)
	at org.keycloak.adapters.tomcat.AbstractKeycloakAuthenticatorValve.checkKeycloakSession(AbstractKeycloakAuthenticatorValve.java:228)
	at org.keycloak.adapters.tomcat.AbstractKeycloakAuthenticatorValve.invoke(AbstractKeycloakAuthenticatorValve.java:180)
	at org.apache.catalina.core.StandardHostValve.invoke(StandardHostValve.java:135)
	at org.apache.catalina.valves.ErrorReportValve.invoke(ErrorReportValve.java:92)
	at org.apache.catalina.core.StandardEngineValve.invoke(StandardEngineValve.java:78)
	at org.apache.catalina.connector.CoyoteAdapter.service(CoyoteAdapter.java:357)
	at org.apache.coyote.http11.Http11Processor.service(Http11Processor.java:382)
	at org.apache.coyote.AbstractProcessorLight.process(AbstractProcessorLight.java:65)
	at org.apache.coyote.AbstractProtocol$ConnectionHandler.process(AbstractProtocol.java:893)
	at org.apache.tomcat.util.net.NioEndpoint$SocketProcessor.doRun(NioEndpoint.java:1726)
	at org.apache.tomcat.util.net.SocketProcessorBase.run(SocketProcessorBase.java:49)
	at org.apache.tomcat.util.threads.ThreadPoolExecutor.runWorker(ThreadPoolExecutor.java:1191)
	at org.apache.tomcat.util.threads.ThreadPoolExecutor$Worker.run(ThreadPoolExecutor.java:659)
	at org.apache.tomcat.util.threads.TaskThread$WrappingRunnable.run(TaskThread.java:61)
	at java.base/java.lang.Thread.run(Thread.java:833)
Caused by: java.lang.ClassNotFoundException: java.security.acl.Group
	at java.base/jdk.internal.loader.BuiltinClassLoader.loadClass(BuiltinClassLoader.java:641)
	at java.base/jdk.internal.loader.ClassLoaders$AppClassLoader.loadClass(ClassLoaders.java:188)
	at java.base/java.lang.ClassLoader.loadClass(ClassLoader.java:521)
	... 19 more
[30m2022-11-09T01:06:36,479[m [32mINFO  [m[[1;34mSpringApplicationShutdownHook[m] [1;33mo.s.o.j.AbstractEntityManagerFactoryBean[m: Closing JPA EntityManagerFactory for persistence unit 'default'
[30m2022-11-09T01:06:37,434[m [32mINFO  [m[[1;34mSpringApplicationShutdownHook[m] [1;33mc.z.h.HikariDataSource[m: HikariPool-1 - Shutdown initiated...
[30m2022-11-09T01:06:37,578[m [32mINFO  [m[[1;34mSpringApplicationShutdownHook[m] [1;33mc.z.h.HikariDataSource[m: HikariPool-1 - Shutdown completed.
